[17:45:17] [main/INFO] ========================================
[17:45:17] [main/INFO] Minecraft: 1.20.1
[17:45:17] [main/INFO] Side: server
[17:45:17] [main/INFO] Development: false
[17:45:17] [main/INFO] Version: 12.1.785
[17:45:17] [main/INFO] Loader:
[17:45:17] [main/INFO] - Fabric: 0.18.2
[17:45:17] [main/INFO] - Fabric API: 0.92.7+1.20.1
[17:45:17] [main/INFO] Dependencies:
[17:45:17] [main/INFO] - Cloth Config: 11.1.136
[17:45:17] [main/INFO] - Architectury: 9.2.14
[17:45:17] [main/INFO] Mixin: 0.8.7
[17:45:17] [main/INFO] OS: Linux 6.8.0-1030-azure (amd64)
[17:45:17] [main/INFO] Java: 21.0.10 (Ubuntu)
[17:45:17] [main/INFO] ========================================
[17:45:17] [main/INFO] Mods:
[17:45:17] [main/INFO] - ad_astra: 1.15.20
[17:45:17] [main/INFO] - additionalentityattributes: 1.7.4+1.20.0
[17:45:17] [main/INFO] - almanac: 1.0.2
[17:45:17] [main/INFO] - amendments: 1.20-2.2.5
[17:45:17] [main/INFO] - apoli: 2.9.2+mc.1.20.x
[17:45:17] [main/INFO] - appleskin: 2.5.2+mc1.20.1
[17:45:17] [main/INFO] - aquamirae: 6
[17:45:17] [main/INFO] - architectury: 9.2.14
[17:45:17] [main/INFO] - artifacts: 9.5.15
[17:45:17] [main/INFO] - balm: 7.3.38
[17:45:17] [main/INFO] - bclib: 3.0.14
[17:45:17] [main/INFO] - beekeeperhut: 2.0.1
[17:45:17] [main/INFO] - bellsandwhistles: 0.4.5
[17:45:17] [main/INFO] - betterarcheology: 1.2.1-1.20.1
[17:45:17] [main/INFO] - bettercombat: 1.9.0+1.20.1
[17:45:17] [main/INFO] - betterend: 4.0.11
[17:45:17] [main/INFO] - betterenddelight: 0.4.0-alpha
[17:45:17] [main/INFO] - betternether: 9.0.10
[17:45:17] [main/INFO] - biomesoplenty: 19.0.0.96
[17:45:17] [main/INFO] - blue_endless_jankson: 1.2.3
[17:45:17] [main/INFO] - botarium: 2.3.4
[17:45:17] [main/INFO] - calio: 1.11.2+mc.1.20.x
[17:45:17] [main/INFO] - cardinal-components: 5.2.3
[17:45:17] [main/INFO] - cardinal-components-base: 5.2.3
[17:45:17] [main/INFO] - cardinal-components-block: 5.2.3
[17:45:17] [main/INFO] - cardinal-components-chunk: 5.2.3
[17:45:17] [main/INFO] - cardinal-components-entity: 5.2.3
[17:45:17] [main/INFO] - cardinal-components-item: 5.2.3
[17:45:17] [main/INFO] - cardinal-components-level: 5.2.3
[17:45:17] [main/INFO] - cardinal-components-scoreboard: 5.2.3
[17:45:17] [main/INFO] - cardinal-components-world: 5.2.3
[17:45:17] [main/INFO] - carryon: 2.1.2.7
[17:45:17] [main/INFO] - cave_dweller: 1.3.0
[17:45:17] [main/INFO] - charmofundying: 6.5.0+1.20.1
[17:45:17] [main/INFO] - chunk-storage-api-fabric: 1.0.4
[17:45:17] [main/INFO] - cloth-basic-math: 0.6.1
[17:45:17] [main/INFO] - cloth-config: 11.1.136
[17:45:17] [main/INFO] - cloth-config: 11.1.136
[17:45:17] [main/INFO] - clumps: 12.0.0.4
[17:45:17] [main/INFO] - collective: 8.13
[17:45:17] [main/INFO] - com_electronwill_night-config_core: 3.6.7
[17:45:17] [main/INFO] - com_electronwill_night-config_toml: 3.6.7
[17:45:17] [main/INFO] - com_eliotlash_mclib_mclib: 20
[17:45:17] [main/INFO] - com_google_code_findbugs_jsr305: 3.0.2
[17:45:17] [main/INFO] - com_teamresourceful_bytecodecs: 1.0.2
[17:45:17] [main/INFO] - com_teamresourceful_yabn: 1.0.3
[17:45:17] [main/INFO] - com_twelvemonkeys_common_common-image: 3.12.0
[17:45:17] [main/INFO] - com_twelvemonkeys_common_common-io: 3.12.0
[17:45:17] [main/INFO] - com_twelvemonkeys_common_common-lang: 3.12.0
[17:45:17] [main/INFO] - com_twelvemonkeys_imageio_imageio-core: 3.12.0
[17:45:17] [main/INFO] - com_twelvemonkeys_imageio_imageio-metadata: 3.12.0
[17:45:17] [main/INFO] - com_twelvemonkeys_imageio_imageio-webp: 3.12.0
[17:45:17] [main/INFO] - combatroll: 1.3.3+1.20.1
[17:45:17] [main/INFO] - comforts: 6.4.0+1.20.1
[17:45:17] [main/INFO] - conditional-mixin: 0.6.4
[17:45:17] [main/INFO] - coroutil: 1.20.1-1.3.7
[17:45:17] [main/INFO] - create: 6.0.8.1+build.1744-mc1.20.1
[17:45:17] [main/INFO] - create_new_age: 1.1.7f+mc1.20.1
[17:45:17] [main/INFO] - create_structures: 1.1.0
[17:45:17] [main/INFO] - createaddition: 1.3.4
[17:45:17] [main/INFO] - createbigcannons: 5.10.2
[17:45:17] [main/INFO] - createfood: 1.1.12
[17:45:17] [main/INFO] - createoreexcavation: 1.6.1
[17:45:17] [main/INFO] - creeperoverhaul: 3.0.2
[17:45:17] [main/INFO] - crittersandcompanions: 1.20.1-2.3.5
[17:45:17] [main/INFO] - customportalapi: 0.0.1-beta64-1.20
[17:45:17] [main/INFO] - deeperdarker: 1.3.3-plus-b.rc2
[17:45:17] [main/INFO] - diet: 2.1.1+1.20.1
[17:45:17] [main/INFO] - dripstone_fluid_lib: 3.0.2
[17:45:17] [main/INFO] - dungeons_arise: 2.1.57
[17:45:17] [main/INFO] - dungeons_arise_seven_seas: 1.0.4
[17:45:17] [main/INFO] - elytraslot: 6.4.4+1.20.1
[17:45:17] [main/INFO] - elytratrims: 3.9.3
[17:45:17] [main/INFO] - endermanoverhaul: 1.0.4
[17:45:17] [main/INFO] - entity-view-distance: 1.1.2+1.20
[17:45:17] [main/INFO] - error_notifier: 1.0.9
[17:45:17] [main/INFO] - esl: 1.1.3
[17:45:17] [main/INFO] - expandability: 9.0.4
[17:45:17] [main/INFO] - exposure: 1.9.13
[17:45:17] [main/INFO] - fabric-api: 0.92.7+1.20.1
[17:45:17] [main/INFO] - fabric-api: 0.92.7+1.20.1
[17:45:17] [main/INFO] - fabric-api-base: 0.4.32+1802ada577
[17:45:17] [main/INFO] - fabric-api-lookup-api-v1: 1.6.37+1802ada577
[17:45:17] [main/INFO] - fabric-biome-api-v1: 13.0.15+93aa238b77
[17:45:17] [main/INFO] - fabric-block-api-v1: 1.0.12+1802ada577
[17:45:17] [main/INFO] - fabric-block-view-api-v2: 1.0.3+924f046a77
[17:45:17] [main/INFO] - fabric-command-api-v1: 1.2.35+f71b366f77
[17:45:17] [main/INFO] - fabric-command-api-v2: 2.2.14+1802ada577
[17:45:17] [main/INFO] - fabric-commands-v0: 0.2.52+df3654b377
[17:45:17] [main/INFO] - fabric-containers-v0: 0.1.67+df3654b377
[17:45:17] [main/INFO] - fabric-content-registries-v0: 4.0.13+1802ada577
[17:45:17] [main/INFO] - fabric-convention-tags-v1: 1.5.6+1802ada577
[17:45:17] [main/INFO] - fabric-crash-report-info-v1: 0.2.20+1802ada577
[17:45:17] [main/INFO] - fabric-data-attachment-api-v1: 1.0.2+de0fd6d177
[17:45:17] [main/INFO] - fabric-data-generation-api-v1: 12.3.7+1802ada577
[17:45:17] [main/INFO] - fabric-dimensions-v1: 2.1.55+1802ada577
[17:45:17] [main/INFO] - fabric-entity-events-v1: 1.6.1+1c78457f77
[17:45:17] [main/INFO] - fabric-events-interaction-v0: 0.6.5+13a40c6677
[17:45:17] [main/INFO] - fabric-events-lifecycle-v0: 0.2.64+df3654b377
[17:45:17] [main/INFO] - fabric-game-rule-api-v1: 1.0.41+1802ada577
[17:45:17] [main/INFO] - fabric-item-api-v1: 2.1.29+1802ada577
[17:45:17] [main/INFO] - fabric-item-group-api-v1: 4.0.14+1802ada577
[17:45:17] [main/INFO] - fabric-language-kotlin: 1.13.7+kotlin.2.2.21
[17:45:17] [main/INFO] - fabric-lifecycle-events-v1: 2.2.23+1802ada577
[17:45:17] [main/INFO] - fabric-loot-api-v2: 1.2.3+1802ada577
[17:45:17] [main/INFO] - fabric-loot-tables-v1: 1.1.47+9e7660c677
[17:45:17] [main/INFO] - fabric-message-api-v1: 5.1.10+1802ada577
[17:45:17] [main/INFO] - fabric-mining-level-api-v1: 2.1.52+1802ada577
[17:45:17] [main/INFO] - fabric-networking-api-v1: 1.3.14+a158aa0477
[17:45:17] [main/INFO] - fabric-networking-v0: 0.3.54+df3654b377
[17:45:17] [main/INFO] - fabric-object-builder-api-v1: 11.1.5+e35120df77
[17:45:17] [main/INFO] - fabric-particles-v1: 1.1.3+1802ada577
[17:45:17] [main/INFO] - fabric-permissions-api-v0: 0.2-SNAPSHOT
[17:45:17] [main/INFO] - fabric-recipe-api-v1: 1.0.24+1802ada577
[17:45:17] [main/INFO] - fabric-registry-sync-v0: 2.3.6+1802ada577
[17:45:17] [main/INFO] - fabric-rendering-data-attachment-v1: 0.3.39+92a0d36777
[17:45:17] [main/INFO] - fabric-rendering-fluids-v1: 3.0.29+1802ada577
[17:45:17] [main/INFO] - fabric-resource-conditions-api-v1: 2.3.9+1802ada577
[17:45:17] [main/INFO] - fabric-resource-loader-v0: 0.11.12+fb82e9d777
[17:45:17] [main/INFO] - fabric-screen-handler-api-v1: 1.3.33+1802ada577
[17:45:17] [main/INFO] - fabric-transfer-api-v1: 3.3.6+8dd72ea377
[17:45:17] [main/INFO] - fabric-transitive-access-wideners-v1: 4.3.2+1802ada577
[17:45:17] [main/INFO] - fabricloader: 0.18.2
[17:45:17] [main/INFO] - farmersdelight: 1.20.1-2.4.1+refabricated
[17:45:17] [main/INFO] - farmersknives: 3.2
[17:45:17] [main/INFO] - ferritecore: 6.0.1
[17:45:17] [main/INFO] - fiber: 0.23.0-2
[17:45:17] [main/INFO] - fishingreal: 1.9.1-backport
[17:45:17] [main/INFO] - forgeconfigapiport: 8.0.3
[17:45:17] [main/INFO] - friendsandfoes: 3.0.9
[17:45:17] [main/INFO] - geckolib: 4.8.3
[17:45:17] [main/INFO] - geophilic: 3.4.6
[17:45:17] [main/INFO] - glitchcore: 0.0.1.1
[17:45:17] [main/INFO] - golemoverhaul: 1.1.0
[17:45:17] [main/INFO] - healingcampfire: 6.2
[17:45:17] [main/INFO] - immersive_aircraft: 1.4.0+1.20.1
[17:45:17] [main/INFO] - interiors: 0.6.0
[17:45:17] [main/INFO] - inventorysorter: 1.9.0-1.20
[17:45:17] [main/INFO] - jade: 11.13.1+fabric
[17:45:17] [main/INFO] - jamlib: 1.3.5+1.20.1
[17:45:17] [main/INFO] - jankson: 6.0.0+j1.2.3
[17:45:17] [main/INFO] - java: 21
[17:45:17] [main/INFO] - javax_annotation_javax_annotation-api: 1.3.2
[17:45:17] [main/INFO] - javazoom_jlayer: 1.0.1
[17:45:17] [main/INFO] - kaffees_dual_ride: 1.1.0
[17:45:17] [main/INFO] - kuma_api: 20.1.12
[17:45:17] [main/INFO] - kyrptconfig: 1.5.6-1.20
[17:45:17] [main/INFO] - letmedespawn: 1.5.0
[17:45:17] [main/INFO] - libgui: 8.1.1+1.20.1
[17:45:17] [main/INFO] - libninepatch: 1.2.0
[17:45:17] [main/INFO] - lithium: 0.11.4
[17:45:17] [main/INFO] - lovely_snails: 1.1.5+1.20.1
[17:45:17] [main/INFO] - memoryleakfix: 1.1.5
[17:45:17] [main/INFO] - midnightlib: 1.4.1
[17:45:17] [main/INFO] - milk: 1.2.60
[17:45:17] [main/INFO] - minecraft: 1.20.1
[17:45:17] [main/INFO] - mixinextras: 0.5.0
[17:45:17] [main/INFO] - mixinsquared: 0.3.7-beta.1
[17:45:17] [main/INFO] - mm: 2.3
[17:45:17] [main/INFO] - modernfix: 5.25.2+mc1.20.1
[17:45:17] [main/INFO] - monsters_in_the_closet: 1.0.3+1.20
[17:45:17] [main/INFO] - moonlight: 1.20-2.16.27
[17:45:17] [main/INFO] - moredelight: 25.7.28-1.20-fabric
[17:45:17] [main/INFO] - mr_edf_remastered: 4.3
[17:45:17] [main/INFO] - mr_withering_heights: 1-alpha-1
[17:45:17] [main/INFO] - naturalist: 5.0pre3
[17:45:17] [main/INFO] - net_jodah_typetools: 0.6.3
[17:45:17] [main/INFO] - nethersdelight: 1.20.1-4.1.1
[17:45:17] [main/INFO] - obscure_api: 16
[17:45:17] [main/INFO] - oceansdelight: fdrf-fabric-1.0.2-1.20
[17:45:17] [main/INFO] - org_javassist_javassist: 3.29.2-GA
[17:45:17] [main/INFO] - org_jetbrains_kotlin_kotlin-reflect: 2.2.21
[17:45:17] [main/INFO] - org_jetbrains_kotlin_kotlin-stdlib: 2.2.21
[17:45:17] [main/INFO] - org_jetbrains_kotlin_kotlin-stdlib-jdk7: 2.2.21
[17:45:17] [main/INFO] - org_jetbrains_kotlin_kotlin-stdlib-jdk8: 2.2.21
[17:45:17] [main/INFO] - org_jetbrains_kotlinx_atomicfu-jvm: 0.29.0
[17:45:17] [main/INFO] - org_jetbrains_kotlinx_kotlinx-coroutines-core-jvm: 1.10.2
[17:45:17] [main/INFO] - org_jetbrains_kotlinx_kotlinx-coroutines-jdk8: 1.10.2
[17:45:17] [main/INFO] - org_jetbrains_kotlinx_kotlinx-datetime-jvm: 0.7.1
[17:45:17] [main/INFO] - org_jetbrains_kotlinx_kotlinx-io-bytestring-jvm: 0.8.0
[17:45:17] [main/INFO] - org_jetbrains_kotlinx_kotlinx-io-core-jvm: 0.8.0
[17:45:17] [main/INFO] - org_jetbrains_kotlinx_kotlinx-serialization-cbor-jvm: 1.9.0
[17:45:17] [main/INFO] - org_jetbrains_kotlinx_kotlinx-serialization-core-jvm: 1.9.0
[17:45:17] [main/INFO] - org_jetbrains_kotlinx_kotlinx-serialization-json-jvm: 1.9.0
[17:45:17] [main/INFO] - org_mariuszgromada_math_mathparser_org-mxparser: 5.2.1
[17:45:17] [main/INFO] - org_quiltmc_parsers_gson: 0.2.1
[17:45:17] [main/INFO] - org_quiltmc_parsers_json: 0.2.1
[17:45:17] [main/INFO] - org_reflections_reflections: 0.10.2
[17:45:17] [main/INFO] - origins: 1.10.2+mc.1.20.x
[17:45:17] [main/INFO] - owo: 0.11.2+1.20
[17:45:17] [main/INFO] - packet_tweaker: 0.4.0+1.19.4
[17:45:17] [main/INFO] - palladiumcore: 1.20-2.0.0.0
[17:45:17] [main/INFO] - patchouli: 1.20.1-84-FABRIC
[17:45:17] [main/INFO] - player-animator: 1.0.2-rc1+1.20
[17:45:17] [main/INFO] - player-locator-plus: 2.2.0
[17:45:17] [main/INFO] - playerabilitylib: 1.8.0
[17:45:17] [main/INFO] - pneumonocore: 1.2.1
[17:45:17] [main/INFO] - polymer-autohost: 0.5.20+1.20.1
[17:45:17] [main/INFO] - polymer-blocks: 0.5.20+1.20.1
[17:45:17] [main/INFO] - polymer-bundled: 0.5.20+1.20.1
[17:45:17] [main/INFO] - polymer-common: 0.5.20+1.20.1
[17:45:17] [main/INFO] - polymer-core: 0.5.20+1.20.1
[17:45:17] [main/INFO] - polymer-networking: 0.5.20+1.20.1
[17:45:17] [main/INFO] - polymer-registry-sync-manipulator: 0.5.20+1.20.1
[17:45:17] [main/INFO] - polymer-resource-pack: 0.5.20+1.20.1
[17:45:17] [main/INFO] - polymer-virtual-entity: 0.5.20+1.20.1
[17:45:17] [main/INFO] - ponder: 1.0.91
[17:45:17] [main/INFO] - porting_lib_accessors: 2.3.13+1.20.1
[17:45:17] [main/INFO] - porting_lib_attributes: 2.3.13+1.20.1
[17:45:17] [main/INFO] - porting_lib_base: 2.3.13+1.20.1
[17:45:17] [main/INFO] - porting_lib_brewing: 2.3.13+1.20.1
[17:45:17] [main/INFO] - porting_lib_client_events: 2.3.13+1.20.1
[17:45:17] [main/INFO] - porting_lib_common: 2.3.13+1.20.1
[17:45:17] [main/INFO] - porting_lib_config: 2.3.13+1.20.1
[17:45:17] [main/INFO] - porting_lib_core: 2.3.13+1.20.1
[17:45:17] [main/INFO] - porting_lib_data: 2.3.13+1.20.1
[17:45:17] [main/INFO] - porting_lib_entity: 2.3.13+1.20.1
[17:45:17] [main/INFO] - porting_lib_extensions: 2.3.13+1.20.1
[17:45:17] [main/INFO] - porting_lib_fluids: 2.3.13+1.20.1
[17:45:17] [main/INFO] - porting_lib_gametest: 2.1.1127+1.20
[17:45:17] [main/INFO] - porting_lib_gui_utils: 2.3.13+1.20.1
[17:45:17] [main/INFO] - porting_lib_lazy_registration: 2.3.13+1.20.1
[17:45:17] [main/INFO] - porting_lib_loot: 2.3.8+1.20.1
[17:45:17] [main/INFO] - porting_lib_mixin_extensions: 2.3.13+1.20.1
[17:45:17] [main/INFO] - porting_lib_model_generators: 2.3.13+1.20.1
[17:45:17] [main/INFO] - porting_lib_model_loader: 2.3.13+1.20.1
[17:45:17] [main/INFO] - porting_lib_model_materials: 2.3.13+1.20.1
[17:45:17] [main/INFO] - porting_lib_models: 2.3.13+1.20.1
[17:45:17] [main/INFO] - porting_lib_networking: 2.3.13+1.20.1
[17:45:17] [main/INFO] - porting_lib_obj_loader: 2.3.13+1.20.1
[17:45:17] [main/INFO] - porting_lib_recipe_book_categories: 2.3.8+1.20.1
[17:45:17] [main/INFO] - porting_lib_tags: 3.0
[17:45:17] [main/INFO] - porting_lib_tool_actions: 2.3.13+1.20.1
[17:45:17] [main/INFO] - porting_lib_transfer: 2.3.13+1.20.1
[17:45:17] [main/INFO] - porting_lib_utility: 2.1.1127+1.20
[17:45:17] [main/INFO] - puzzlesaccessapi: 20.1.1
[17:45:17] [main/INFO] - puzzleslib: 8.1.33
[17:45:17] [main/INFO] - railways: 1.6.15-beta+fabric-mc1.20.1
[17:45:17] [main/INFO] - reach-entity-attributes: 2.4.0
[17:45:17] [main/INFO] - registrate-fabric: 1.3.79-MC1.20.1
[17:45:17] [main/INFO] - resourcefulconfig: 2.1.3
[17:45:17] [main/INFO] - resourcefullib: 2.1.29
[17:45:17] [main/INFO] - ribbits: 1.20.1-Fabric-3.0.5
[17:45:17] [main/INFO] - rightclickharvest: 4.6.1+1.20.1
[17:45:17] [main/INFO] - ritchiesprojectilelib: 2.1.1
[17:45:17] [main/INFO] - roughlyenoughitems: 12.1.785
[17:45:17] [main/INFO] - sit: 1.20.1-27
[17:45:17] [main/INFO] - species: 2.3
[17:45:17] [main/INFO] - spectrelib: 0.13.15+1.20.1
[17:45:17] [main/INFO] - step-height-entity-attribute: 1.2.0
[17:45:17] [main/INFO] - supermartijn642configlib: 1.1.8+a
[17:45:17] [main/INFO] - supermartijn642corelib: 1.1.20
[17:45:17] [main/INFO] - supplementaries: 1.20-3.1.42
[17:45:17] [main/INFO] - team_reborn_energy: 3.0.0
[17:45:17] [main/INFO] - terrablender: 3.0.1.10
[17:45:17] [main/INFO] - thermoo: 2.3.3
[17:45:17] [main/INFO] - trashcans: 1.0.18
[17:45:17] [main/INFO] - trashslot: 15.1.3
[17:45:17] [main/INFO] - travelersbackpack: 9.1.50
[17:45:17] [main/INFO] - treeharvester: 9.1
[17:45:17] [main/INFO] - trinkets: 3.7.2
[17:45:17] [main/INFO] - vc_gliders: 1.2.0
[17:45:17] [main/INFO] - veinmining: 1.5.0+1.20.1
[17:45:17] [main/INFO] - visualworkbench: 8.0.1
[17:45:17] [main/INFO] - waystones: 14.1.18
[17:45:17] [main/INFO] - wildlife: 1.19.2-2.2
[17:45:17] [main/INFO] - wunderlib: 1.1.5
[17:45:17] [main/INFO] - yet_another_config_lib_v3: 3.6.6+1.20.1-fabric
[17:45:17] [main/INFO] - yigd: 2.0.16
[17:45:17] [main/INFO] - yungsapi: 1.20-Fabric-4.0.6
[17:45:17] [main/INFO] - zombieawareness: 1.20.1-1.13.1
[17:45:17] [main/INFO] ========================================
[17:45:17] [main/INFO] [REI] Registered plugin provider ServerREIPlugin [farmersdelight] for REIPlugin
[17:45:17] [main/INFO] [REI] Registered plugin provider DefaultPlugin [roughlyenoughitems] for REIPlugin
[17:45:17] [main/INFO] [REI] Registered plugin provider DefaultRuntimePlugin [roughlyenoughitems] for REIPlugin
[17:45:17] [main/INFO] [REI] Registered plugin provider ServerREIPlugin [farmersdelight] for REIServerPlugin
[17:45:17] [main/INFO] [REI] Registered plugin provider DefaultPlugin [roughlyenoughitems] for REIServerPlugin
[17:45:17] [main/INFO] [REI] Registered plugin provider DefaultRuntimePlugin [roughlyenoughitems] for REIServerPlugin
[17:45:17] [main/INFO] [REI] Registered plugin provider FabricFluidAPISupportPlugin for REIServerPlugin
[17:45:17] [main/INFO] [REI] Registered plugin provider FabricFluidAPISupportPlugin for REIPlugin
[17:45:59] [Worker-Main-1/DEBUG] [REI] Processed 0 tags in 3.718 ms for minecraft:worldgen/biome
[17:45:59] [Worker-Main-1/DEBUG] [REI] Processed 2 tags in 1.945 ms for minecraft:cat_variant
[17:45:59] [Worker-Main-1/DEBUG] [REI] Processed 3 tags in 103.9 μs for minecraft:painting_variant
[17:45:59] [Worker-Main-1/DEBUG] [REI] Processed 2 tags in 1.437 ms for create:mounted_item_storage_type
[17:45:59] [Worker-Main-1/DEBUG] [REI] Processed 1 tags in 29.63 μs for minecraft:recipe_serializer
[17:45:59] [Worker-Main-1/DEBUG] [REI] Processed 3 tags in 395.3 μs for minecraft:instrument
[17:45:59] [Worker-Main-1/DEBUG] [REI] Processed 5 tags in 40.41 μs for minecraft:enchantment
[17:46:01] [Worker-Main-1/DEBUG] [REI] Processed 2089 tags in 43.92 ms for minecraft:item
[17:46:01] [Worker-Main-1/DEBUG] [REI] Processed 8 tags in 40.86 μs for minecraft:banner_pattern
[17:46:02] [Worker-Main-1/DEBUG] [REI] Processed 696 tags in 26.08 ms for minecraft:block
[17:46:02] [Worker-Main-1/DEBUG] [REI] Processed 0 tags in 7.934 μs for minecraft:worldgen/flat_level_generator_preset
[17:46:02] [Worker-Main-1/DEBUG] [REI] Processed 7 tags in 85.24 μs for minecraft:game_event
[17:46:02] [Worker-Main-1/DEBUG] [REI] Processed 2 tags in 17.34 μs for create:contraption_type
[17:46:02] [Worker-Main-1/DEBUG] [REI] Processed 0 tags in 11.40 μs for moonlight:soft_fluids
[17:46:02] [Worker-Main-1/DEBUG] [REI] Processed 68 tags in 238.5 μs for minecraft:entity_type
[17:46:02] [Worker-Main-1/DEBUG] [REI] Processed 6 tags in 34.62 μs for minecraft:point_of_interest_type
[17:46:02] [Worker-Main-1/DEBUG] [REI] Processed 0 tags in 8.386 μs for minecraft:dimension_type
[17:46:02] [Worker-Main-1/DEBUG] [REI] Processed 0 tags in 6.062 μs for minecraft:worldgen/structure_set
[17:46:02] [Worker-Main-1/DEBUG] [REI] Processed 2 tags in 18.29 μs for minecraft:mob_effect
[17:46:02] [Worker-Main-1/DEBUG] [REI] Processed 1 tags in 11.61 μs for minecraft:potion
[17:46:02] [Worker-Main-1/DEBUG] [REI] Processed 137 tags in 372.7 μs for minecraft:fluid
[17:46:02] [Worker-Main-1/DEBUG] [REI] Processed 0 tags in 13.91 μs for minecraft:damage_type
[17:46:02] [Worker-Main-1/DEBUG] [REI] Processed 0 tags in 162.4 μs for minecraft:worldgen/world_preset
[17:46:02] [Worker-Main-1/DEBUG] [REI] Processed 0 tags in 168.7 μs for minecraft:worldgen/structure
[17:46:07] [main/DEBUG] [REI] Starting Reload Plugins of stage null
java.lang.Throwable
	at knot//me.shedaniel.rei.impl.common.plugins.ReloadManagerImpl.reloadPlugins(ReloadManagerImpl.java:110)
	at knot//me.shedaniel.rei.RoughlyEnoughItemsCore.lambda$onInitialize$5(RoughlyEnoughItemsCore.java:163)
	at java.base/java.util.concurrent.CompletableFuture$UniRun.tryFire(CompletableFuture.java:787)
	at java.base/java.util.concurrent.CompletableFuture$Completion.run(CompletableFuture.java:482)
	at knot//net.minecraft.class_4014.method_18365(class_4014.java:69)
	at knot//net.minecraft.class_156.method_43498(class_156.java:950)
	at knot//net.minecraft.class_156.method_43499(class_156.java:938)
	at knot//net.minecraft.server.Main.main(Main.java:160)
	at net.fabricmc.loader.impl.game.minecraft.MinecraftGameProvider.launch(MinecraftGameProvider.java:514)
	at net.fabricmc.loader.impl.launch.knot.Knot.launch(Knot.java:72)
	at net.fabricmc.loader.impl.launch.knot.KnotServer.main(KnotServer.java:23)
	at net.fabricmc.loader.impl.launch.server.FabricServerLauncher.main(FabricServerLauncher.java:69)
	at net.fabricmc.installer.ServerLauncher.main(ServerLauncher.java:69)
[17:46:07] [main/DEBUG] [REI] ========================================
[17:46:07] [main/DEBUG] [REI] REIPlugin starting pre-reload for START.
[17:46:07] [main/DEBUG] [REI] Reloadables (7):
[17:46:07] [main/DEBUG] [REI]  - EntryTypeRegistryImpl
[17:46:07] [main/DEBUG] [REI]  - EntrySettingsAdapterRegistryImpl
[17:46:07] [main/DEBUG] [REI]  - RecipeManagerContextImpl
[17:46:07] [main/DEBUG] [REI]  - ItemComparatorRegistryImpl
[17:46:07] [main/DEBUG] [REI]  - FluidComparatorRegistryImpl
[17:46:07] [main/DEBUG] [REI]  - DisplaySerializerRegistryImpl
[17:46:07] [main/DEBUG] [REI]  - FluidSupportProviderImpl
[17:46:07] [main/DEBUG] [REI] Plugins (4):
[17:46:07] [main/DEBUG] [REI]  - (-100.00) DefaultPlugin of DefaultPlugin [roughlyenoughitems]
[17:46:07] [main/DEBUG] [REI]  - (0.00) FabricFluidAPISupportPlugin
[17:46:07] [main/DEBUG] [REI]  - (0.00) DefaultRuntimePlugin of DefaultRuntimePlugin [roughlyenoughitems]
[17:46:07] [main/DEBUG] [REI]  - (0.00) ServerREIPlugin of ServerREIPlugin [farmersdelight]
[17:46:07] [main/DEBUG] [REI] ========================================
[17:46:07] [main/TRACE] [REI] [REIPlugin START] Reloading Section: "pre-register/"
[17:46:07] [main/TRACE] [REI] [REIPlugin START] Reloading Section: "pre-register/DefaultPlugin of DefaultPlugin [roughlyenoughitems]/"
[17:46:07] [main/TRACE] [REI] [REIPlugin START] Reloading Section: "pre-register/DefaultPlugin of DefaultPlugin [roughlyenoughitems]/" done in 1.751 ms
[17:46:07] [main/TRACE] [REI] [REIPlugin START] Reloading Section: "pre-register/FabricFluidAPISupportPlugin/"
[17:46:07] [main/TRACE] [REI] [REIPlugin START] Reloading Section: "pre-register/FabricFluidAPISupportPlugin/" done in 66.26 μs
[17:46:07] [main/TRACE] [REI] [REIPlugin START] Reloading Section: "pre-register/DefaultRuntimePlugin of DefaultRuntimePlugin [roughlyenoughitems]/"
[17:46:07] [main/TRACE] [REI] [REIPlugin START] Reloading Section: "pre-register/DefaultRuntimePlugin of DefaultRuntimePlugin [roughlyenoughitems]/" done in 43.22 μs
[17:46:07] [main/TRACE] [REI] [REIPlugin START] Reloading Section: "pre-register/ServerREIPlugin of ServerREIPlugin [farmersdelight]/"
[17:46:07] [main/TRACE] [REI] [REIPlugin START] Reloading Section: "pre-register/ServerREIPlugin of ServerREIPlugin [farmersdelight]/" done in 41.34 μs
[17:46:07] [main/TRACE] [REI] [REIPlugin START] Reloading Section: "pre-register/" done in 18.40 ms
[17:46:07] [main/TRACE] [REI] [REIPlugin START] Reloading Section: "pre-stage/"
[17:46:07] [main/TRACE] [REI] [REIPlugin START] Reloading Section: "pre-stage/EntryTypeRegistryImpl/"
[17:46:07] [main/TRACE] [REI] [REIPlugin START] Reloading Section: "pre-stage/EntryTypeRegistryImpl/" done in 203.7 μs
[17:46:07] [main/TRACE] [REI] [REIPlugin START] Reloading Section: "pre-stage/EntrySettingsAdapterRegistryImpl/"
[17:46:07] [main/TRACE] [REI] [REIPlugin START] Reloading Section: "pre-stage/EntrySettingsAdapterRegistryImpl/" done in 36.01 μs
[17:46:07] [main/TRACE] [REI] [REIPlugin START] Reloading Section: "pre-stage/RecipeManagerContextImpl/"
[17:46:07] [main/TRACE] [REI] [REIPlugin START] Reloading Section: "pre-stage/RecipeManagerContextImpl/" done in 30.15 μs
[17:46:07] [main/TRACE] [REI] [REIPlugin START] Reloading Section: "pre-stage/ItemComparatorRegistryImpl/"
[17:46:07] [main/TRACE] [REI] [REIPlugin START] Reloading Section: "pre-stage/ItemComparatorRegistryImpl/" done in 34.72 μs
[17:46:07] [main/TRACE] [REI] [REIPlugin START] Reloading Section: "pre-stage/FluidComparatorRegistryImpl/"
[17:46:07] [main/TRACE] [REI] [REIPlugin START] Reloading Section: "pre-stage/FluidComparatorRegistryImpl/" done in 31.01 μs
[17:46:07] [main/TRACE] [REI] [REIPlugin START] Reloading Section: "pre-stage/DisplaySerializerRegistryImpl/"
[17:46:07] [main/TRACE] [REI] [REIPlugin START] Reloading Section: "pre-stage/DisplaySerializerRegistryImpl/" done in 33.56 μs
[17:46:07] [main/TRACE] [REI] [REIPlugin START] Reloading Section: "pre-stage/FluidSupportProviderImpl/"
[17:46:07] [main/TRACE] [REI] [REIPlugin START] Reloading Section: "pre-stage/FluidSupportProviderImpl/" done in 30.78 μs
[17:46:07] [main/TRACE] [REI] [REIPlugin START] Reloading Section: "pre-stage/" done in 1.814 ms
[17:46:07] [main/DEBUG] [REI] ========================================
[17:46:07] [main/DEBUG] [REI] REIPlugin finished pre-reload for START in 21.34 ms.
[17:46:07] [main/DEBUG] [REI] ========================================
[17:46:07] [main/DEBUG] [REI] ========================================
[17:46:07] [main/DEBUG] [REI] REIServerPlugin starting pre-reload for START.
[17:46:07] [main/DEBUG] [REI] Reloadables (2):
[17:46:07] [main/DEBUG] [REI]  - MenuInfoRegistryImpl
[17:46:07] [main/DEBUG] [REI]  - SlotAccessorRegistryImpl
[17:46:07] [main/DEBUG] [REI] Plugins (4):
[17:46:07] [main/DEBUG] [REI]  - (-100.00) DefaultPlugin of DefaultPlugin [roughlyenoughitems]
[17:46:07] [main/DEBUG] [REI]  - (0.00) FabricFluidAPISupportPlugin
[17:46:07] [main/DEBUG] [REI]  - (0.00) DefaultRuntimePlugin of DefaultRuntimePlugin [roughlyenoughitems]
[17:46:07] [main/DEBUG] [REI]  - (0.00) ServerREIPlugin of ServerREIPlugin [farmersdelight]
[17:46:07] [main/DEBUG] [REI] ========================================
[17:46:07] [main/TRACE] [REI] [REIServerPlugin START] Reloading Section: "pre-register/"
[17:46:07] [main/TRACE] [REI] [REIServerPlugin START] Reloading Section: "pre-register/DefaultPlugin of DefaultPlugin [roughlyenoughitems]/"
[17:46:07] [main/TRACE] [REI] [REIServerPlugin START] Reloading Section: "pre-register/DefaultPlugin of DefaultPlugin [roughlyenoughitems]/" done in 43.49 μs
[17:46:07] [main/TRACE] [REI] [REIServerPlugin START] Reloading Section: "pre-register/FabricFluidAPISupportPlugin/"
[17:46:07] [main/TRACE] [REI] [REIServerPlugin START] Reloading Section: "pre-register/FabricFluidAPISupportPlugin/" done in 1.629 ms
[17:46:07] [main/TRACE] [REI] [REIServerPlugin START] Reloading Section: "pre-register/DefaultRuntimePlugin of DefaultRuntimePlugin [roughlyenoughitems]/"
[17:46:07] [main/TRACE] [REI] [REIServerPlugin START] Reloading Section: "pre-register/DefaultRuntimePlugin of DefaultRuntimePlugin [roughlyenoughitems]/" done in 50.43 μs
[17:46:07] [main/TRACE] [REI] [REIServerPlugin START] Reloading Section: "pre-register/ServerREIPlugin of ServerREIPlugin [farmersdelight]/"
[17:46:07] [main/TRACE] [REI] [REIServerPlugin START] Reloading Section: "pre-register/ServerREIPlugin of ServerREIPlugin [farmersdelight]/" done in 43.66 μs
[17:46:07] [main/TRACE] [REI] [REIServerPlugin START] Reloading Section: "pre-register/" done in 2.236 ms
[17:46:07] [main/TRACE] [REI] [REIServerPlugin START] Reloading Section: "pre-stage/"
[17:46:07] [main/TRACE] [REI] [REIServerPlugin START] Reloading Section: "pre-stage/MenuInfoRegistryImpl/"
[17:46:07] [main/TRACE] [REI] [REIServerPlugin START] Reloading Section: "pre-stage/MenuInfoRegistryImpl/" done in 36.58 μs
[17:46:07] [main/TRACE] [REI] [REIServerPlugin START] Reloading Section: "pre-stage/SlotAccessorRegistryImpl/"
[17:46:07] [main/TRACE] [REI] [REIServerPlugin START] Reloading Section: "pre-stage/SlotAccessorRegistryImpl/" done in 39.17 μs
[17:46:08] [main/TRACE] [REI] [REIServerPlugin START] Reloading Section: "pre-stage/" done in 3.550 ms
[17:46:08] [main/DEBUG] [REI] ========================================
[17:46:08] [main/DEBUG] [REI] REIServerPlugin finished pre-reload for START in 5.971 ms.
[17:46:08] [main/DEBUG] [REI] ========================================
[17:46:08] [main/INFO] [REI] ++++++++++++++++++++++++++++++++++++++++
[17:46:08] [main/INFO] [REI] REIPlugin starting main-reload for START.
[17:46:08] [main/DEBUG] [REI] Reloadables (7):
[17:46:08] [main/DEBUG] [REI]  - EntryTypeRegistryImpl
[17:46:08] [main/DEBUG] [REI]  - EntrySettingsAdapterRegistryImpl
[17:46:08] [main/DEBUG] [REI]  - RecipeManagerContextImpl
[17:46:08] [main/DEBUG] [REI]  - ItemComparatorRegistryImpl
[17:46:08] [main/DEBUG] [REI]  - FluidComparatorRegistryImpl
[17:46:08] [main/DEBUG] [REI]  - DisplaySerializerRegistryImpl
[17:46:08] [main/DEBUG] [REI]  - FluidSupportProviderImpl
[17:46:08] [main/INFO] [REI] Plugins (4):
[17:46:08] [main/INFO] [REI]  - (-100.00) DefaultPlugin of DefaultPlugin [roughlyenoughitems]
[17:46:08] [main/INFO] [REI]  - (0.00) FabricFluidAPISupportPlugin
[17:46:08] [main/INFO] [REI]  - (0.00) DefaultRuntimePlugin of DefaultRuntimePlugin [roughlyenoughitems]
[17:46:08] [main/INFO] [REI]  - (0.00) ServerREIPlugin of ServerREIPlugin [farmersdelight]
[17:46:08] [main/INFO] [REI] ++++++++++++++++++++++++++++++++++++++++
[17:46:08] [main/TRACE] [REI] [REIPlugin START] Reloading Section: "start-reload/"
[17:46:08] [main/TRACE] [REI] [REIPlugin START] Reloading Section: "start-reload/EntryTypeRegistryImpl/"
[17:46:08] [main/TRACE] [REI] [REIPlugin START] Reloading Section: "start-reload/EntryTypeRegistryImpl/" done in 76.27 μs
[17:46:08] [main/TRACE] [REI] [REIPlugin START] Reloading Section: "start-reload/EntrySettingsAdapterRegistryImpl/"
[17:46:08] [main/TRACE] [REI] [REIPlugin START] Reloading Section: "start-reload/EntrySettingsAdapterRegistryImpl/" done in 49.65 μs
[17:46:08] [main/TRACE] [REI] [REIPlugin START] Reloading Section: "start-reload/RecipeManagerContextImpl/"
[17:46:08] [main/TRACE] [REI] [REIPlugin START] Reloading Section: "start-reload/RecipeManagerContextImpl/" done in 38.85 μs
[17:46:08] [main/TRACE] [REI] [REIPlugin START] Reloading Section: "start-reload/ItemComparatorRegistryImpl/"
[17:46:08] [main/TRACE] [REI] [REIPlugin START] Reloading Section: "start-reload/ItemComparatorRegistryImpl/" done in 59.59 μs
[17:46:08] [main/TRACE] [REI] [REIPlugin START] Reloading Section: "start-reload/FluidComparatorRegistryImpl/"
[17:46:08] [main/TRACE] [REI] [REIPlugin START] Reloading Section: "start-reload/FluidComparatorRegistryImpl/" done in 38.77 μs
[17:46:08] [main/TRACE] [REI] [REIPlugin START] Reloading Section: "start-reload/DisplaySerializerRegistryImpl/"
[17:46:08] [main/TRACE] [REI] [REIPlugin START] Reloading Section: "start-reload/DisplaySerializerRegistryImpl/" done in 34.22 μs
[17:46:08] [main/TRACE] [REI] [REIPlugin START] Reloading Section: "start-reload/FluidSupportProviderImpl/"
[17:46:08] [main/TRACE] [REI] [REIPlugin START] Reloading Section: "start-reload/FluidSupportProviderImpl/" done in 47.43 μs
[17:46:08] [main/TRACE] [REI] [REIPlugin START] Reloading Section: "start-reload/" done in 993.1 μs
[17:46:08] [main/DEBUG] [REI] ========================================
[17:46:08] [main/DEBUG] [REI] REIPlugin started main-reload for START.
[17:46:08] [main/DEBUG] [REI] ========================================
[17:46:08] [main/TRACE] [REI] [REIPlugin START] Reloading Section: "reloadable-plugin/EntryTypeRegistryImpl/"
[17:46:08] [main/TRACE] [REI] [REIPlugin START] Reloading Section: "reloadable-plugin/EntryTypeRegistryImpl/DefaultPlugin of DefaultPlugin [roughlyenoughitems]/"
[17:46:08] [main/TRACE] [REI] [REIPlugin START] Reloading Section: "reloadable-plugin/EntryTypeRegistryImpl/DefaultPlugin of DefaultPlugin [roughlyenoughitems]/" done in 283.2 μs
[17:46:08] [main/TRACE] [REI] [REIPlugin START] Reloading Section: "reloadable-plugin/EntryTypeRegistryImpl/FabricFluidAPISupportPlugin/"
[17:46:08] [main/TRACE] [REI] [REIPlugin START] Reloading Section: "reloadable-plugin/EntryTypeRegistryImpl/FabricFluidAPISupportPlugin/" done in 75.72 μs
[17:46:08] [main/TRACE] [REI] [REIPlugin START] Reloading Section: "reloadable-plugin/EntryTypeRegistryImpl/DefaultRuntimePlugin of DefaultRuntimePlugin [roughlyenoughitems]/"
[17:46:08] [main/TRACE] [REI] [REIPlugin START] Reloading Section: "reloadable-plugin/EntryTypeRegistryImpl/DefaultRuntimePlugin of DefaultRuntimePlugin [roughlyenoughitems]/" done in 10.43 ms
[17:46:08] [main/TRACE] [REI] [REIPlugin START] Reloading Section: "reloadable-plugin/EntryTypeRegistryImpl/ServerREIPlugin of ServerREIPlugin [farmersdelight]/"
[17:46:08] [main/TRACE] [REI] [REIPlugin START] Reloading Section: "reloadable-plugin/EntryTypeRegistryImpl/ServerREIPlugin of ServerREIPlugin [farmersdelight]/" done in 79.73 μs
[17:46:08] [main/TRACE] [REI] [REIPlugin START] Reloading Section: "reloadable-plugin/EntryTypeRegistryImpl/" done in 12.73 ms
[17:46:08] [main/TRACE] [REI] [REIPlugin START] Reloading Section: "reloadable-plugin/EntrySettingsAdapterRegistryImpl/"
[17:46:08] [main/TRACE] [REI] [REIPlugin START] Reloading Section: "reloadable-plugin/EntrySettingsAdapterRegistryImpl/DefaultPlugin of DefaultPlugin [roughlyenoughitems]/"
[17:46:08] [main/TRACE] [REI] [REIPlugin START] Reloading Section: "reloadable-plugin/EntrySettingsAdapterRegistryImpl/DefaultPlugin of DefaultPlugin [roughlyenoughitems]/" done in 79.43 μs
[17:46:08] [main/TRACE] [REI] [REIPlugin START] Reloading Section: "reloadable-plugin/EntrySettingsAdapterRegistryImpl/FabricFluidAPISupportPlugin/"
[17:46:08] [main/TRACE] [REI] [REIPlugin START] Reloading Section: "reloadable-plugin/EntrySettingsAdapterRegistryImpl/FabricFluidAPISupportPlugin/" done in 37.95 μs
[17:46:08] [main/TRACE] [REI] [REIPlugin START] Reloading Section: "reloadable-plugin/EntrySettingsAdapterRegistryImpl/DefaultRuntimePlugin of DefaultRuntimePlugin [roughlyenoughitems]/"
[17:46:08] [main/TRACE] [REI] [REIPlugin START] Reloading Section: "reloadable-plugin/EntrySettingsAdapterRegistryImpl/DefaultRuntimePlugin of DefaultRuntimePlugin [roughlyenoughitems]/" done in 39.17 μs
[17:46:08] [main/TRACE] [REI] [REIPlugin START] Reloading Section: "reloadable-plugin/EntrySettingsAdapterRegistryImpl/ServerREIPlugin of ServerREIPlugin [farmersdelight]/"
[17:46:08] [main/TRACE] [REI] [REIPlugin START] Reloading Section: "reloadable-plugin/EntrySettingsAdapterRegistryImpl/ServerREIPlugin of ServerREIPlugin [farmersdelight]/" done in 41.46 μs
[17:46:08] [main/TRACE] [REI] [REIPlugin START] Reloading Section: "reloadable-plugin/EntrySettingsAdapterRegistryImpl/" done in 638.2 μs
[17:46:08] [main/TRACE] [REI] [REIPlugin START] Reloading Section: "reloadable-plugin/RecipeManagerContextImpl/"
[17:46:08] [main/TRACE] [REI] [REIPlugin START] Reloading Section: "reloadable-plugin/RecipeManagerContextImpl/DefaultPlugin of DefaultPlugin [roughlyenoughitems]/"
[17:46:08] [main/TRACE] [REI] [REIPlugin START] Reloading Section: "reloadable-plugin/RecipeManagerContextImpl/DefaultPlugin of DefaultPlugin [roughlyenoughitems]/" done in 39.30 μs
[17:46:08] [main/TRACE] [REI] [REIPlugin START] Reloading Section: "reloadable-plugin/RecipeManagerContextImpl/FabricFluidAPISupportPlugin/"
[17:46:08] [main/TRACE] [REI] [REIPlugin START] Reloading Section: "reloadable-plugin/RecipeManagerContextImpl/FabricFluidAPISupportPlugin/" done in 38.96 μs
[17:46:08] [main/TRACE] [REI] [REIPlugin START] Reloading Section: "reloadable-plugin/RecipeManagerContextImpl/DefaultRuntimePlugin of DefaultRuntimePlugin [roughlyenoughitems]/"
[17:46:08] [main/TRACE] [REI] [REIPlugin START] Reloading Section: "reloadable-plugin/RecipeManagerContextImpl/DefaultRuntimePlugin of DefaultRuntimePlugin [roughlyenoughitems]/" done in 34.61 μs
[17:46:08] [main/TRACE] [REI] [REIPlugin START] Reloading Section: "reloadable-plugin/RecipeManagerContextImpl/ServerREIPlugin of ServerREIPlugin [farmersdelight]/"
[17:46:08] [main/TRACE] [REI] [REIPlugin START] Reloading Section: "reloadable-plugin/RecipeManagerContextImpl/ServerREIPlugin of ServerREIPlugin [farmersdelight]/" done in 51.31 μs
[17:46:08] [main/TRACE] [REI] [REIPlugin START] Reloading Section: "reloadable-plugin/RecipeManagerContextImpl/" done in 530.4 μs
[17:46:08] [main/TRACE] [REI] [REIPlugin START] Reloading Section: "reloadable-plugin/ItemComparatorRegistryImpl/"
[17:46:08] [main/TRACE] [REI] [REIPlugin START] Reloading Section: "reloadable-plugin/ItemComparatorRegistryImpl/DefaultPlugin of DefaultPlugin [roughlyenoughitems]/"
[17:46:08] [main/TRACE] [REI] [REIPlugin START] Reloading Section: "reloadable-plugin/ItemComparatorRegistryImpl/DefaultPlugin of DefaultPlugin [roughlyenoughitems]/" done in 1.474 ms
[17:46:08] [main/TRACE] [REI] [REIPlugin START] Reloading Section: "reloadable-plugin/ItemComparatorRegistryImpl/FabricFluidAPISupportPlugin/"
[17:46:08] [main/TRACE] [REI] [REIPlugin START] Reloading Section: "reloadable-plugin/ItemComparatorRegistryImpl/FabricFluidAPISupportPlugin/" done in 311.4 μs
[17:46:08] [main/TRACE] [REI] [REIPlugin START] Reloading Section: "reloadable-plugin/ItemComparatorRegistryImpl/DefaultRuntimePlugin of DefaultRuntimePlugin [roughlyenoughitems]/"
[17:46:08] [main/TRACE] [REI] [REIPlugin START] Reloading Section: "reloadable-plugin/ItemComparatorRegistryImpl/DefaultRuntimePlugin of DefaultRuntimePlugin [roughlyenoughitems]/" done in 47.61 μs
[17:46:08] [main/TRACE] [REI] [REIPlugin START] Reloading Section: "reloadable-plugin/ItemComparatorRegistryImpl/ServerREIPlugin of ServerREIPlugin [farmersdelight]/"
[17:46:08] [main/TRACE] [REI] [REIPlugin START] Reloading Section: "reloadable-plugin/ItemComparatorRegistryImpl/ServerREIPlugin of ServerREIPlugin [farmersdelight]/" done in 47.53 μs
[17:46:08] [main/TRACE] [REI] [REIPlugin START] Reloading Section: "reloadable-plugin/ItemComparatorRegistryImpl/" done in 2.395 ms
[17:46:08] [main/TRACE] [REI] [REIPlugin START] Reloading Section: "reloadable-plugin/FluidComparatorRegistryImpl/"
[17:46:08] [main/TRACE] [REI] [REIPlugin START] Reloading Section: "reloadable-plugin/FluidComparatorRegistryImpl/DefaultPlugin of DefaultPlugin [roughlyenoughitems]/"
[17:46:08] [main/TRACE] [REI] [REIPlugin START] Reloading Section: "reloadable-plugin/FluidComparatorRegistryImpl/DefaultPlugin of DefaultPlugin [roughlyenoughitems]/" done in 50.43 μs
[17:46:08] [main/TRACE] [REI] [REIPlugin START] Reloading Section: "reloadable-plugin/FluidComparatorRegistryImpl/FabricFluidAPISupportPlugin/"
[17:46:08] [main/TRACE] [REI] [REIPlugin START] Reloading Section: "reloadable-plugin/FluidComparatorRegistryImpl/FabricFluidAPISupportPlugin/" done in 41.92 μs
[17:46:08] [main/TRACE] [REI] [REIPlugin START] Reloading Section: "reloadable-plugin/FluidComparatorRegistryImpl/DefaultRuntimePlugin of DefaultRuntimePlugin [roughlyenoughitems]/"
[17:46:08] [main/TRACE] [REI] [REIPlugin START] Reloading Section: "reloadable-plugin/FluidComparatorRegistryImpl/DefaultRuntimePlugin of DefaultRuntimePlugin [roughlyenoughitems]/" done in 43.67 μs
[17:46:08] [main/TRACE] [REI] [REIPlugin START] Reloading Section: "reloadable-plugin/FluidComparatorRegistryImpl/ServerREIPlugin of ServerREIPlugin [farmersdelight]/"
[17:46:08] [main/TRACE] [REI] [REIPlugin START] Reloading Section: "reloadable-plugin/FluidComparatorRegistryImpl/ServerREIPlugin of ServerREIPlugin [farmersdelight]/" done in 43.91 μs
[17:46:08] [main/TRACE] [REI] [REIPlugin START] Reloading Section: "reloadable-plugin/FluidComparatorRegistryImpl/" done in 578.4 μs
[17:46:08] [main/TRACE] [REI] [REIPlugin START] Reloading Section: "reloadable-plugin/DisplaySerializerRegistryImpl/"
[17:46:08] [main/TRACE] [REI] [REIPlugin START] Reloading Section: "reloadable-plugin/DisplaySerializerRegistryImpl/DefaultPlugin of DefaultPlugin [roughlyenoughitems]/"
[17:46:08] [main/TRACE] [REI] [REIPlugin START] Reloading Section: "reloadable-plugin/DisplaySerializerRegistryImpl/DefaultPlugin of DefaultPlugin [roughlyenoughitems]/" done in 45.12 μs
[17:46:08] [main/TRACE] [REI] [REIPlugin START] Reloading Section: "reloadable-plugin/DisplaySerializerRegistryImpl/FabricFluidAPISupportPlugin/"
[17:46:08] [main/TRACE] [REI] [REIPlugin START] Reloading Section: "reloadable-plugin/DisplaySerializerRegistryImpl/FabricFluidAPISupportPlugin/" done in 44.53 μs
[17:46:08] [main/TRACE] [REI] [REIPlugin START] Reloading Section: "reloadable-plugin/DisplaySerializerRegistryImpl/DefaultRuntimePlugin of DefaultRuntimePlugin [roughlyenoughitems]/"
[17:46:08] [main/TRACE] [REI] [REIPlugin START] Reloading Section: "reloadable-plugin/DisplaySerializerRegistryImpl/DefaultRuntimePlugin of DefaultRuntimePlugin [roughlyenoughitems]/" done in 44.02 μs
[17:46:08] [main/TRACE] [REI] [REIPlugin START] Reloading Section: "reloadable-plugin/DisplaySerializerRegistryImpl/ServerREIPlugin of ServerREIPlugin [farmersdelight]/"
[17:46:08] [main/TRACE] [REI] [REIPlugin START] Reloading Section: "reloadable-plugin/DisplaySerializerRegistryImpl/ServerREIPlugin of ServerREIPlugin [farmersdelight]/" done in 39.33 μs
[17:46:08] [main/TRACE] [REI] [REIPlugin START] Reloading Section: "reloadable-plugin/DisplaySerializerRegistryImpl/" done in 537.3 μs
[17:46:08] [main/TRACE] [REI] [REIPlugin START] Reloading Section: "reloadable-plugin/FluidSupportProviderImpl/"
[17:46:08] [main/TRACE] [REI] [REIPlugin START] Reloading Section: "reloadable-plugin/FluidSupportProviderImpl/DefaultPlugin of DefaultPlugin [roughlyenoughitems]/"
[17:46:08] [main/TRACE] [REI] [REIPlugin START] Reloading Section: "reloadable-plugin/FluidSupportProviderImpl/DefaultPlugin of DefaultPlugin [roughlyenoughitems]/" done in 566.6 μs
[17:46:08] [main/TRACE] [REI] [REIPlugin START] Reloading Section: "reloadable-plugin/FluidSupportProviderImpl/FabricFluidAPISupportPlugin/"
[17:46:08] [main/TRACE] [REI] [REIPlugin START] Reloading Section: "reloadable-plugin/FluidSupportProviderImpl/FabricFluidAPISupportPlugin/" done in 201.1 μs
[17:46:08] [main/TRACE] [REI] [REIPlugin START] Reloading Section: "reloadable-plugin/FluidSupportProviderImpl/DefaultRuntimePlugin of DefaultRuntimePlugin [roughlyenoughitems]/"
[17:46:08] [main/TRACE] [REI] [REIPlugin START] Reloading Section: "reloadable-plugin/FluidSupportProviderImpl/DefaultRuntimePlugin of DefaultRuntimePlugin [roughlyenoughitems]/" done in 40.22 μs
[17:46:08] [main/TRACE] [REI] [REIPlugin START] Reloading Section: "reloadable-plugin/FluidSupportProviderImpl/ServerREIPlugin of ServerREIPlugin [farmersdelight]/"
[17:46:08] [main/TRACE] [REI] [REIPlugin START] Reloading Section: "reloadable-plugin/FluidSupportProviderImpl/ServerREIPlugin of ServerREIPlugin [farmersdelight]/" done in 53.66 μs
[17:46:08] [main/TRACE] [REI] [REIPlugin START] Reloading Section: "reloadable-plugin/FluidSupportProviderImpl/" done in 1.988 ms
[17:46:08] [main/DEBUG] [REI] ========================================
[17:46:08] [main/DEBUG] [REI] REIPlugin ending main-reload for START.
[17:46:08] [main/DEBUG] [REI] ========================================
[17:46:08] [main/TRACE] [REI] [REIPlugin START] Reloading Section: "end-reload/"
[17:46:08] [main/TRACE] [REI] [REIPlugin START] Reloading Section: "end-reload/EntryTypeRegistryImpl/"
[17:46:08] [main/TRACE] [REI] [REIPlugin START] Reloading Section: "end-reload/EntryTypeRegistryImpl/" done in 45.79 μs
[17:46:08] [main/TRACE] [REI] [REIPlugin START] Reloading Section: "end-reload/EntrySettingsAdapterRegistryImpl/"
[17:46:08] [main/TRACE] [REI] [REIPlugin START] Reloading Section: "end-reload/EntrySettingsAdapterRegistryImpl/" done in 32.96 μs
[17:46:08] [main/TRACE] [REI] [REIPlugin START] Reloading Section: "end-reload/RecipeManagerContextImpl/"
[17:46:08] [main/TRACE] [REI] [REIPlugin START] Reloading Section: "end-reload/RecipeManagerContextImpl/" done in 32.87 μs
[17:46:08] [main/TRACE] [REI] [REIPlugin START] Reloading Section: "end-reload/ItemComparatorRegistryImpl/"
[17:46:08] [main/TRACE] [REI] [REIPlugin START] Reloading Section: "end-reload/ItemComparatorRegistryImpl/" done in 55.33 μs
[17:46:08] [main/TRACE] [REI] [REIPlugin START] Reloading Section: "end-reload/FluidComparatorRegistryImpl/"
[17:46:08] [main/TRACE] [REI] [REIPlugin START] Reloading Section: "end-reload/FluidComparatorRegistryImpl/" done in 32.09 μs
[17:46:08] [main/TRACE] [REI] [REIPlugin START] Reloading Section: "end-reload/DisplaySerializerRegistryImpl/"
[17:46:08] [main/TRACE] [REI] [REIPlugin START] Reloading Section: "end-reload/DisplaySerializerRegistryImpl/" done in 26.77 μs
[17:46:08] [main/TRACE] [REI] [REIPlugin START] Reloading Section: "end-reload/FluidSupportProviderImpl/"
[17:46:08] [main/TRACE] [REI] [REIPlugin START] Reloading Section: "end-reload/FluidSupportProviderImpl/" done in 27.31 μs
[17:46:08] [main/TRACE] [REI] [REIPlugin START] Reloading Section: "end-reload/" done in 874.1 μs
[17:46:08] [main/DEBUG] [REI] ========================================
[17:46:08] [main/DEBUG] [REI] REIPlugin ended main-reload for START in 25.48 ms.
[17:46:08] [main/DEBUG] [REI] ========================================
[17:46:08] [main/INFO] [REI] %%%%%%%%%%%%%%%%%%%%%%%%%%%%%%%%%%%%%%%%
[17:46:08] [main/INFO] [REI] REIServerPlugin starting main-reload for START.
[17:46:08] [main/DEBUG] [REI] Reloadables (2):
[17:46:08] [main/DEBUG] [REI]  - MenuInfoRegistryImpl
[17:46:08] [main/DEBUG] [REI]  - SlotAccessorRegistryImpl
[17:46:08] [main/INFO] [REI] Plugins (4):
[17:46:08] [main/INFO] [REI]  - (-100.00) DefaultPlugin of DefaultPlugin [roughlyenoughitems]
[17:46:08] [main/INFO] [REI]  - (0.00) FabricFluidAPISupportPlugin
[17:46:08] [main/INFO] [REI]  - (0.00) DefaultRuntimePlugin of DefaultRuntimePlugin [roughlyenoughitems]
[17:46:08] [main/INFO] [REI]  - (0.00) ServerREIPlugin of ServerREIPlugin [farmersdelight]
[17:46:08] [main/INFO] [REI] %%%%%%%%%%%%%%%%%%%%%%%%%%%%%%%%%%%%%%%%
[17:46:08] [main/TRACE] [REI] [REIServerPlugin START] Reloading Section: "start-reload/"
[17:46:08] [main/TRACE] [REI] [REIServerPlugin START] Reloading Section: "start-reload/MenuInfoRegistryImpl/"
[17:46:08] [main/TRACE] [REI] [REIServerPlugin START] Reloading Section: "start-reload/MenuInfoRegistryImpl/" done in 42.37 μs
[17:46:08] [main/TRACE] [REI] [REIServerPlugin START] Reloading Section: "start-reload/SlotAccessorRegistryImpl/"
[17:46:08] [main/TRACE] [REI] [REIServerPlugin START] Reloading Section: "start-reload/SlotAccessorRegistryImpl/" done in 36.71 μs
[17:46:08] [main/TRACE] [REI] [REIServerPlugin START] Reloading Section: "start-reload/" done in 303.8 μs
[17:46:08] [main/DEBUG] [REI] ========================================
[17:46:08] [main/DEBUG] [REI] REIServerPlugin started main-reload for START.
[17:46:08] [main/DEBUG] [REI] ========================================
[17:46:08] [main/TRACE] [REI] [REIServerPlugin START] Reloading Section: "reloadable-plugin/MenuInfoRegistryImpl/"
[17:46:08] [main/TRACE] [REI] [REIServerPlugin START] Reloading Section: "reloadable-plugin/MenuInfoRegistryImpl/DefaultPlugin of DefaultPlugin [roughlyenoughitems]/"
[17:46:08] [main/TRACE] [REI] [REIServerPlugin START] Reloading Section: "reloadable-plugin/MenuInfoRegistryImpl/DefaultPlugin of DefaultPlugin [roughlyenoughitems]/" done in 43.18 μs
[17:46:08] [main/TRACE] [REI] [REIServerPlugin START] Reloading Section: "reloadable-plugin/MenuInfoRegistryImpl/FabricFluidAPISupportPlugin/"
[17:46:08] [main/TRACE] [REI] [REIServerPlugin START] Reloading Section: "reloadable-plugin/MenuInfoRegistryImpl/FabricFluidAPISupportPlugin/" done in 40.06 μs
[17:46:08] [main/TRACE] [REI] [REIServerPlugin START] Reloading Section: "reloadable-plugin/MenuInfoRegistryImpl/DefaultRuntimePlugin of DefaultRuntimePlugin [roughlyenoughitems]/"
[17:46:08] [main/TRACE] [REI] [REIServerPlugin START] Reloading Section: "reloadable-plugin/MenuInfoRegistryImpl/DefaultRuntimePlugin of DefaultRuntimePlugin [roughlyenoughitems]/" done in 106.0 μs
[17:46:08] [main/TRACE] [REI] [REIServerPlugin START] Reloading Section: "reloadable-plugin/MenuInfoRegistryImpl/ServerREIPlugin of ServerREIPlugin [farmersdelight]/"
[17:46:08] [main/TRACE] [REI] [REIServerPlugin START] Reloading Section: "reloadable-plugin/MenuInfoRegistryImpl/ServerREIPlugin of ServerREIPlugin [farmersdelight]/" done in 52.58 μs
[17:46:08] [main/TRACE] [REI] [REIServerPlugin START] Reloading Section: "reloadable-plugin/MenuInfoRegistryImpl/" done in 649.3 μs
[17:46:08] [main/TRACE] [REI] [REIServerPlugin START] Reloading Section: "reloadable-plugin/SlotAccessorRegistryImpl/"
[17:46:08] [main/TRACE] [REI] [REIServerPlugin START] Reloading Section: "reloadable-plugin/SlotAccessorRegistryImpl/DefaultPlugin of DefaultPlugin [roughlyenoughitems]/"
[17:46:08] [main/TRACE] [REI] [REIServerPlugin START] Reloading Section: "reloadable-plugin/SlotAccessorRegistryImpl/DefaultPlugin of DefaultPlugin [roughlyenoughitems]/" done in 38.75 μs
[17:46:08] [main/TRACE] [REI] [REIServerPlugin START] Reloading Section: "reloadable-plugin/SlotAccessorRegistryImpl/FabricFluidAPISupportPlugin/"
[17:46:08] [main/TRACE] [REI] [REIServerPlugin START] Reloading Section: "reloadable-plugin/SlotAccessorRegistryImpl/FabricFluidAPISupportPlugin/" done in 38.53 μs
[17:46:08] [main/TRACE] [REI] [REIServerPlugin START] Reloading Section: "reloadable-plugin/SlotAccessorRegistryImpl/DefaultRuntimePlugin of DefaultRuntimePlugin [roughlyenoughitems]/"
[17:46:08] [main/TRACE] [REI] [REIServerPlugin START] Reloading Section: "reloadable-plugin/SlotAccessorRegistryImpl/DefaultRuntimePlugin of DefaultRuntimePlugin [roughlyenoughitems]/" done in 41.93 μs
[17:46:08] [main/TRACE] [REI] [REIServerPlugin START] Reloading Section: "reloadable-plugin/SlotAccessorRegistryImpl/ServerREIPlugin of ServerREIPlugin [farmersdelight]/"
[17:46:08] [main/TRACE] [REI] [REIServerPlugin START] Reloading Section: "reloadable-plugin/SlotAccessorRegistryImpl/ServerREIPlugin of ServerREIPlugin [farmersdelight]/" done in 38.78 μs
[17:46:08] [main/TRACE] [REI] [REIServerPlugin START] Reloading Section: "reloadable-plugin/SlotAccessorRegistryImpl/" done in 516.3 μs
[17:46:08] [main/DEBUG] [REI] ========================================
[17:46:08] [main/DEBUG] [REI] REIServerPlugin ending main-reload for START.
[17:46:08] [main/DEBUG] [REI] ========================================
[17:46:08] [main/TRACE] [REI] [REIServerPlugin START] Reloading Section: "end-reload/"
[17:46:08] [main/TRACE] [REI] [REIServerPlugin START] Reloading Section: "end-reload/MenuInfoRegistryImpl/"
[17:46:08] [main/TRACE] [REI] [REIServerPlugin START] Reloading Section: "end-reload/MenuInfoRegistryImpl/" done in 23.33 μs
[17:46:08] [main/TRACE] [REI] [REIServerPlugin START] Reloading Section: "end-reload/SlotAccessorRegistryImpl/"
[17:46:08] [main/TRACE] [REI] [REIServerPlugin START] Reloading Section: "end-reload/SlotAccessorRegistryImpl/" done in 35.22 μs
[17:46:08] [main/TRACE] [REI] [REIServerPlugin START] Reloading Section: "end-reload/" done in 222.6 μs
[17:46:08] [main/DEBUG] [REI] ========================================
[17:46:08] [main/DEBUG] [REI] REIServerPlugin ended main-reload for START in 4.074 ms.
[17:46:08] [main/DEBUG] [REI] ========================================
[17:46:08] [main/DEBUG] [REI] ========================================
[17:46:08] [main/DEBUG] [REI] REIPlugin starting post-reload for START.
[17:46:08] [main/DEBUG] [REI] Reloadables (7):
[17:46:08] [main/DEBUG] [REI]  - EntryTypeRegistryImpl
[17:46:08] [main/DEBUG] [REI]  - EntrySettingsAdapterRegistryImpl
[17:46:08] [main/DEBUG] [REI]  - RecipeManagerContextImpl
[17:46:08] [main/DEBUG] [REI]  - ItemComparatorRegistryImpl
[17:46:08] [main/DEBUG] [REI]  - FluidComparatorRegistryImpl
[17:46:08] [main/DEBUG] [REI]  - DisplaySerializerRegistryImpl
[17:46:08] [main/DEBUG] [REI]  - FluidSupportProviderImpl
[17:46:08] [main/DEBUG] [REI] Plugins (4):
[17:46:08] [main/DEBUG] [REI]  - (-100.00) DefaultPlugin of DefaultPlugin [roughlyenoughitems]
[17:46:08] [main/DEBUG] [REI]  - (0.00) FabricFluidAPISupportPlugin
[17:46:08] [main/DEBUG] [REI]  - (0.00) DefaultRuntimePlugin of DefaultRuntimePlugin [roughlyenoughitems]
[17:46:08] [main/DEBUG] [REI]  - (0.00) ServerREIPlugin of ServerREIPlugin [farmersdelight]
[17:46:08] [main/DEBUG] [REI] ========================================
[17:46:08] [main/TRACE] [REI] [REIPlugin START] Reloading Section: "post-register/"
[17:46:08] [main/TRACE] [REI] [REIPlugin START] Reloading Section: "post-register/DefaultPlugin of DefaultPlugin [roughlyenoughitems]/"
[17:46:08] [main/TRACE] [REI] [REIPlugin START] Reloading Section: "post-register/DefaultPlugin of DefaultPlugin [roughlyenoughitems]/" done in 186.7 μs
[17:46:08] [main/TRACE] [REI] [REIPlugin START] Reloading Section: "post-register/FabricFluidAPISupportPlugin/"
[17:46:08] [main/TRACE] [REI] [REIPlugin START] Reloading Section: "post-register/FabricFluidAPISupportPlugin/" done in 28.40 μs
[17:46:08] [main/TRACE] [REI] [REIPlugin START] Reloading Section: "post-register/DefaultRuntimePlugin of DefaultRuntimePlugin [roughlyenoughitems]/"
[17:46:08] [main/TRACE] [REI] [REIPlugin START] Reloading Section: "post-register/DefaultRuntimePlugin of DefaultRuntimePlugin [roughlyenoughitems]/" done in 24.50 μs
[17:46:08] [main/TRACE] [REI] [REIPlugin START] Reloading Section: "post-register/ServerREIPlugin of ServerREIPlugin [farmersdelight]/"
[17:46:08] [main/TRACE] [REI] [REIPlugin START] Reloading Section: "post-register/ServerREIPlugin of ServerREIPlugin [farmersdelight]/" done in 24.73 μs
[17:46:08] [main/TRACE] [REI] [REIPlugin START] Reloading Section: "post-register/" done in 758.6 μs
[17:46:08] [main/TRACE] [REI] [REIPlugin START] Reloading Section: "post-stage/"
[17:46:08] [main/TRACE] [REI] [REIPlugin START] Reloading Section: "post-stage/EntryTypeRegistryImpl/"
[17:46:08] [main/TRACE] [REI] [REIPlugin START] Reloading Section: "post-stage/EntryTypeRegistryImpl/" done in 6.689 ms
[17:46:08] [main/TRACE] [REI] [REIPlugin START] Reloading Section: "post-stage/EntrySettingsAdapterRegistryImpl/"
[17:46:08] [main/TRACE] [REI] [REIPlugin START] Reloading Section: "post-stage/EntrySettingsAdapterRegistryImpl/" done in 80.57 μs
[17:46:08] [main/TRACE] [REI] [REIPlugin START] Reloading Section: "post-stage/RecipeManagerContextImpl/"
[17:46:08] [main/TRACE] [REI] [REIPlugin START] Reloading Section: "post-stage/RecipeManagerContextImpl/" done in 65.40 μs
[17:46:08] [main/TRACE] [REI] [REIPlugin START] Reloading Section: "post-stage/ItemComparatorRegistryImpl/"
[17:46:08] [main/TRACE] [REI] [REIPlugin START] Reloading Section: "post-stage/ItemComparatorRegistryImpl/" done in 70.52 μs
[17:46:08] [main/TRACE] [REI] [REIPlugin START] Reloading Section: "post-stage/FluidComparatorRegistryImpl/"
[17:46:08] [main/TRACE] [REI] [REIPlugin START] Reloading Section: "post-stage/FluidComparatorRegistryImpl/" done in 68.81 μs
[17:46:08] [main/TRACE] [REI] [REIPlugin START] Reloading Section: "post-stage/DisplaySerializerRegistryImpl/"
[17:46:08] [main/TRACE] [REI] [REIPlugin START] Reloading Section: "post-stage/DisplaySerializerRegistryImpl/" done in 80.44 μs
[17:46:08] [main/TRACE] [REI] [REIPlugin START] Reloading Section: "post-stage/FluidSupportProviderImpl/"
[17:46:08] [main/TRACE] [REI] [REIPlugin START] Reloading Section: "post-stage/FluidSupportProviderImpl/" done in 86.35 μs
[17:46:08] [main/TRACE] [REI] [REIPlugin START] Reloading Section: "post-stage/" done in 8.341 ms
[17:46:08] [main/DEBUG] [REI] ========================================
[17:46:08] [main/INFO] [REI] REIPlugin finished post-reload for START in 9.374 ms, totaling 56.18 ms.
[17:46:08] [main/DEBUG] [REI] ========================================
[17:46:08] [main/DEBUG] [REI] ========================================
[17:46:08] [main/DEBUG] [REI] REIServerPlugin starting post-reload for START.
[17:46:08] [main/DEBUG] [REI] Reloadables (2):
[17:46:08] [main/DEBUG] [REI]  - MenuInfoRegistryImpl
[17:46:08] [main/DEBUG] [REI]  - SlotAccessorRegistryImpl
[17:46:08] [main/DEBUG] [REI] Plugins (4):
[17:46:08] [main/DEBUG] [REI]  - (-100.00) DefaultPlugin of DefaultPlugin [roughlyenoughitems]
[17:46:08] [main/DEBUG] [REI]  - (0.00) FabricFluidAPISupportPlugin
[17:46:08] [main/DEBUG] [REI]  - (0.00) DefaultRuntimePlugin of DefaultRuntimePlugin [roughlyenoughitems]
[17:46:08] [main/DEBUG] [REI]  - (0.00) ServerREIPlugin of ServerREIPlugin [farmersdelight]
[17:46:08] [main/DEBUG] [REI] ========================================
[17:46:08] [main/TRACE] [REI] [REIServerPlugin START] Reloading Section: "post-register/"
[17:46:08] [main/TRACE] [REI] [REIServerPlugin START] Reloading Section: "post-register/DefaultPlugin of DefaultPlugin [roughlyenoughitems]/"
[17:46:08] [main/TRACE] [REI] [REIServerPlugin START] Reloading Section: "post-register/DefaultPlugin of DefaultPlugin [roughlyenoughitems]/" done in 100.5 μs
[17:46:08] [main/TRACE] [REI] [REIServerPlugin START] Reloading Section: "post-register/FabricFluidAPISupportPlugin/"
[17:46:08] [main/TRACE] [REI] [REIServerPlugin START] Reloading Section: "post-register/FabricFluidAPISupportPlugin/" done in 75.77 μs
[17:46:08] [main/TRACE] [REI] [REIServerPlugin START] Reloading Section: "post-register/DefaultRuntimePlugin of DefaultRuntimePlugin [roughlyenoughitems]/"
[17:46:08] [main/TRACE] [REI] [REIServerPlugin START] Reloading Section: "post-register/DefaultRuntimePlugin of DefaultRuntimePlugin [roughlyenoughitems]/" done in 92.67 μs
[17:46:08] [main/TRACE] [REI] [REIServerPlugin START] Reloading Section: "post-register/ServerREIPlugin of ServerREIPlugin [farmersdelight]/"
[17:46:08] [main/TRACE] [REI] [REIServerPlugin START] Reloading Section: "post-register/ServerREIPlugin of ServerREIPlugin [farmersdelight]/" done in 152.3 μs
[17:46:08] [main/TRACE] [REI] [REIServerPlugin START] Reloading Section: "post-register/" done in 1.039 ms
[17:46:08] [main/TRACE] [REI] [REIServerPlugin START] Reloading Section: "post-stage/"
[17:46:08] [main/TRACE] [REI] [REIServerPlugin START] Reloading Section: "post-stage/MenuInfoRegistryImpl/"
[17:46:08] [main/TRACE] [REI] [REIServerPlugin START] Reloading Section: "post-stage/MenuInfoRegistryImpl/" done in 73.95 μs
[17:46:08] [main/TRACE] [REI] [REIServerPlugin START] Reloading Section: "post-stage/SlotAccessorRegistryImpl/"
[17:46:08] [main/TRACE] [REI] [REIServerPlugin START] Reloading Section: "post-stage/SlotAccessorRegistryImpl/" done in 23.22 μs
[17:46:08] [main/TRACE] [REI] [REIServerPlugin START] Reloading Section: "post-stage/" done in 924.1 μs
[17:46:08] [main/DEBUG] [REI] ========================================
[17:46:08] [main/INFO] [REI] REIServerPlugin finished post-reload for START in 2.230 ms, totaling 12.26 ms.
[17:46:08] [main/DEBUG] [REI] ========================================
[17:46:08] [main/DEBUG] [REI] ========================================
[17:46:08] [main/DEBUG] [REI] REIPlugin starting pre-reload for END.
[17:46:08] [main/DEBUG] [REI] Reloadables (7):
[17:46:08] [main/DEBUG] [REI]  - EntryTypeRegistryImpl
[17:46:08] [main/DEBUG] [REI]  - EntrySettingsAdapterRegistryImpl
[17:46:08] [main/DEBUG] [REI]  - RecipeManagerContextImpl
[17:46:08] [main/DEBUG] [REI]  - ItemComparatorRegistryImpl
[17:46:08] [main/DEBUG] [REI]  - FluidComparatorRegistryImpl
[17:46:08] [main/DEBUG] [REI]  - DisplaySerializerRegistryImpl
[17:46:08] [main/DEBUG] [REI]  - FluidSupportProviderImpl
[17:46:08] [main/DEBUG] [REI] Plugins (4):
[17:46:08] [main/DEBUG] [REI]  - (-100.00) DefaultPlugin of DefaultPlugin [roughlyenoughitems]
[17:46:08] [main/DEBUG] [REI]  - (0.00) FabricFluidAPISupportPlugin
[17:46:08] [main/DEBUG] [REI]  - (0.00) DefaultRuntimePlugin of DefaultRuntimePlugin [roughlyenoughitems]
[17:46:08] [main/DEBUG] [REI]  - (0.00) ServerREIPlugin of ServerREIPlugin [farmersdelight]
[17:46:08] [main/DEBUG] [REI] ========================================
[17:46:08] [main/TRACE] [REI] [REIPlugin END] Reloading Section: "pre-register/"
[17:46:08] [main/TRACE] [REI] [REIPlugin END] Reloading Section: "pre-register/DefaultPlugin of DefaultPlugin [roughlyenoughitems]/"
[17:46:08] [main/TRACE] [REI] [REIPlugin END] Reloading Section: "pre-register/DefaultPlugin of DefaultPlugin [roughlyenoughitems]/" done in 22.01 μs
[17:46:08] [main/TRACE] [REI] [REIPlugin END] Reloading Section: "pre-register/FabricFluidAPISupportPlugin/"
[17:46:08] [main/TRACE] [REI] [REIPlugin END] Reloading Section: "pre-register/FabricFluidAPISupportPlugin/" done in 20.39 μs
[17:46:08] [main/TRACE] [REI] [REIPlugin END] Reloading Section: "pre-register/DefaultRuntimePlugin of DefaultRuntimePlugin [roughlyenoughitems]/"
[17:46:08] [main/TRACE] [REI] [REIPlugin END] Reloading Section: "pre-register/DefaultRuntimePlugin of DefaultRuntimePlugin [roughlyenoughitems]/" done in 187.1 μs
[17:46:08] [main/TRACE] [REI] [REIPlugin END] Reloading Section: "pre-register/ServerREIPlugin of ServerREIPlugin [farmersdelight]/"
[17:46:08] [main/TRACE] [REI] [REIPlugin END] Reloading Section: "pre-register/ServerREIPlugin of ServerREIPlugin [farmersdelight]/" done in 36.32 μs
[17:46:08] [main/TRACE] [REI] [REIPlugin END] Reloading Section: "pre-register/" done in 604.8 μs
[17:46:08] [main/TRACE] [REI] [REIPlugin END] Reloading Section: "pre-stage/"
[17:46:08] [main/TRACE] [REI] [REIPlugin END] Reloading Section: "pre-stage/EntryTypeRegistryImpl/"
[17:46:08] [main/TRACE] [REI] [REIPlugin END] Reloading Section: "pre-stage/EntryTypeRegistryImpl/" done in 64.33 μs
[17:46:08] [main/TRACE] [REI] [REIPlugin END] Reloading Section: "pre-stage/EntrySettingsAdapterRegistryImpl/"
[17:46:08] [main/TRACE] [REI] [REIPlugin END] Reloading Section: "pre-stage/EntrySettingsAdapterRegistryImpl/" done in 173.3 μs
[17:46:08] [main/TRACE] [REI] [REIPlugin END] Reloading Section: "pre-stage/RecipeManagerContextImpl/"
[17:46:08] [main/TRACE] [REI] [REIPlugin END] Reloading Section: "pre-stage/RecipeManagerContextImpl/" done in 119.6 μs
[17:46:08] [main/TRACE] [REI] [REIPlugin END] Reloading Section: "pre-stage/ItemComparatorRegistryImpl/"
[17:46:08] [main/TRACE] [REI] [REIPlugin END] Reloading Section: "pre-stage/ItemComparatorRegistryImpl/" done in 120.3 μs
[17:46:08] [main/TRACE] [REI] [REIPlugin END] Reloading Section: "pre-stage/FluidComparatorRegistryImpl/"
[17:46:08] [main/TRACE] [REI] [REIPlugin END] Reloading Section: "pre-stage/FluidComparatorRegistryImpl/" done in 42.50 μs
[17:46:08] [main/TRACE] [REI] [REIPlugin END] Reloading Section: "pre-stage/DisplaySerializerRegistryImpl/"
[17:46:08] [main/TRACE] [REI] [REIPlugin END] Reloading Section: "pre-stage/DisplaySerializerRegistryImpl/" done in 29.21 μs
[17:46:08] [main/TRACE] [REI] [REIPlugin END] Reloading Section: "pre-stage/FluidSupportProviderImpl/"
[17:46:08] [main/TRACE] [REI] [REIPlugin END] Reloading Section: "pre-stage/FluidSupportProviderImpl/" done in 23.10 μs
[17:46:08] [main/TRACE] [REI] [REIPlugin END] Reloading Section: "pre-stage/" done in 3.031 ms
[17:46:08] [main/DEBUG] [REI] ========================================
[17:46:08] [main/DEBUG] [REI] REIPlugin finished pre-reload for END in 3.929 ms.
[17:46:08] [main/DEBUG] [REI] ========================================
[17:46:08] [main/DEBUG] [REI] ========================================
[17:46:08] [main/DEBUG] [REI] REIServerPlugin starting pre-reload for END.
[17:46:08] [main/DEBUG] [REI] Reloadables (2):
[17:46:08] [main/DEBUG] [REI]  - MenuInfoRegistryImpl
[17:46:08] [main/DEBUG] [REI]  - SlotAccessorRegistryImpl
[17:46:08] [main/DEBUG] [REI] Plugins (4):
[17:46:08] [main/DEBUG] [REI]  - (-100.00) DefaultPlugin of DefaultPlugin [roughlyenoughitems]
[17:46:08] [main/DEBUG] [REI]  - (0.00) FabricFluidAPISupportPlugin
[17:46:08] [main/DEBUG] [REI]  - (0.00) DefaultRuntimePlugin of DefaultRuntimePlugin [roughlyenoughitems]
[17:46:08] [main/DEBUG] [REI]  - (0.00) ServerREIPlugin of ServerREIPlugin [farmersdelight]
[17:46:08] [main/DEBUG] [REI] ========================================
[17:46:08] [main/TRACE] [REI] [REIServerPlugin END] Reloading Section: "pre-register/"
[17:46:08] [main/TRACE] [REI] [REIServerPlugin END] Reloading Section: "pre-register/DefaultPlugin of DefaultPlugin [roughlyenoughitems]/"
[17:46:08] [main/TRACE] [REI] [REIServerPlugin END] Reloading Section: "pre-register/DefaultPlugin of DefaultPlugin [roughlyenoughitems]/" done in 27.23 μs
[17:46:08] [main/TRACE] [REI] [REIServerPlugin END] Reloading Section: "pre-register/FabricFluidAPISupportPlugin/"
[17:46:08] [main/TRACE] [REI] [REIServerPlugin END] Reloading Section: "pre-register/FabricFluidAPISupportPlugin/" done in 24.40 μs
[17:46:08] [main/TRACE] [REI] [REIServerPlugin END] Reloading Section: "pre-register/DefaultRuntimePlugin of DefaultRuntimePlugin [roughlyenoughitems]/"
[17:46:08] [main/TRACE] [REI] [REIServerPlugin END] Reloading Section: "pre-register/DefaultRuntimePlugin of DefaultRuntimePlugin [roughlyenoughitems]/" done in 24.68 μs
[17:46:08] [main/TRACE] [REI] [REIServerPlugin END] Reloading Section: "pre-register/ServerREIPlugin of ServerREIPlugin [farmersdelight]/"
[17:46:08] [main/TRACE] [REI] [REIServerPlugin END] Reloading Section: "pre-register/ServerREIPlugin of ServerREIPlugin [farmersdelight]/" done in 21.60 μs
[17:46:08] [main/TRACE] [REI] [REIServerPlugin END] Reloading Section: "pre-register/" done in 338.9 μs
[17:46:08] [main/TRACE] [REI] [REIServerPlugin END] Reloading Section: "pre-stage/"
[17:46:08] [main/TRACE] [REI] [REIServerPlugin END] Reloading Section: "pre-stage/MenuInfoRegistryImpl/"
[17:46:08] [main/TRACE] [REI] [REIServerPlugin END] Reloading Section: "pre-stage/MenuInfoRegistryImpl/" done in 25.44 μs
[17:46:08] [main/TRACE] [REI] [REIServerPlugin END] Reloading Section: "pre-stage/SlotAccessorRegistryImpl/"
[17:46:08] [main/TRACE] [REI] [REIServerPlugin END] Reloading Section: "pre-stage/SlotAccessorRegistryImpl/" done in 20.68 μs
[17:46:08] [main/TRACE] [REI] [REIServerPlugin END] Reloading Section: "pre-stage/" done in 148.2 μs
[17:46:08] [main/DEBUG] [REI] ========================================
[17:46:08] [main/DEBUG] [REI] REIServerPlugin finished pre-reload for END in 565.8 μs.
[17:46:08] [main/DEBUG] [REI] ========================================
[17:46:08] [main/INFO] [REI] @@@@@@@@@@@@@@@@@@@@@@@@@@@@@@@@@@@@@@@@
[17:46:08] [main/INFO] [REI] REIPlugin starting main-reload for END.
[17:46:08] [main/DEBUG] [REI] Reloadables (7):
[17:46:08] [main/DEBUG] [REI]  - EntryTypeRegistryImpl
[17:46:08] [main/DEBUG] [REI]  - EntrySettingsAdapterRegistryImpl
[17:46:08] [main/DEBUG] [REI]  - RecipeManagerContextImpl
[17:46:08] [main/DEBUG] [REI]  - ItemComparatorRegistryImpl
[17:46:08] [main/DEBUG] [REI]  - FluidComparatorRegistryImpl
[17:46:08] [main/DEBUG] [REI]  - DisplaySerializerRegistryImpl
[17:46:08] [main/DEBUG] [REI]  - FluidSupportProviderImpl
[17:46:08] [main/INFO] [REI] Plugins (4):
[17:46:08] [main/INFO] [REI]  - (-100.00) DefaultPlugin of DefaultPlugin [roughlyenoughitems]
[17:46:08] [main/INFO] [REI]  - (0.00) FabricFluidAPISupportPlugin
[17:46:08] [main/INFO] [REI]  - (0.00) DefaultRuntimePlugin of DefaultRuntimePlugin [roughlyenoughitems]
[17:46:08] [main/INFO] [REI]  - (0.00) ServerREIPlugin of ServerREIPlugin [farmersdelight]
[17:46:08] [main/INFO] [REI] @@@@@@@@@@@@@@@@@@@@@@@@@@@@@@@@@@@@@@@@
[17:46:08] [main/TRACE] [REI] [REIPlugin END] Reloading Section: "start-reload/"
[17:46:08] [main/TRACE] [REI] [REIPlugin END] Reloading Section: "start-reload/EntryTypeRegistryImpl/"
[17:46:08] [main/TRACE] [REI] [REIPlugin END] Reloading Section: "start-reload/EntryTypeRegistryImpl/" done in 52.72 μs
[17:46:08] [main/TRACE] [REI] [REIPlugin END] Reloading Section: "start-reload/EntrySettingsAdapterRegistryImpl/"
[17:46:08] [main/TRACE] [REI] [REIPlugin END] Reloading Section: "start-reload/EntrySettingsAdapterRegistryImpl/" done in 67.84 μs
[17:46:08] [main/TRACE] [REI] [REIPlugin END] Reloading Section: "start-reload/RecipeManagerContextImpl/"
[17:46:08] [main/TRACE] [REI] [REIPlugin END] Reloading Section: "start-reload/RecipeManagerContextImpl/" done in 50.00 μs
[17:46:08] [main/TRACE] [REI] [REIPlugin END] Reloading Section: "start-reload/ItemComparatorRegistryImpl/"
[17:46:08] [main/TRACE] [REI] [REIPlugin END] Reloading Section: "start-reload/ItemComparatorRegistryImpl/" done in 51.89 μs
[17:46:08] [main/TRACE] [REI] [REIPlugin END] Reloading Section: "start-reload/FluidComparatorRegistryImpl/"
[17:46:08] [main/TRACE] [REI] [REIPlugin END] Reloading Section: "start-reload/FluidComparatorRegistryImpl/" done in 57.81 μs
[17:46:08] [main/TRACE] [REI] [REIPlugin END] Reloading Section: "start-reload/DisplaySerializerRegistryImpl/"
[17:46:08] [main/TRACE] [REI] [REIPlugin END] Reloading Section: "start-reload/DisplaySerializerRegistryImpl/" done in 79.86 μs
[17:46:08] [main/TRACE] [REI] [REIPlugin END] Reloading Section: "start-reload/FluidSupportProviderImpl/"
[17:46:08] [main/TRACE] [REI] [REIPlugin END] Reloading Section: "start-reload/FluidSupportProviderImpl/" done in 62.79 μs
[17:46:08] [main/TRACE] [REI] [REIPlugin END] Reloading Section: "start-reload/" done in 1.065 ms
[17:46:08] [main/DEBUG] [REI] ========================================
[17:46:08] [main/DEBUG] [REI] REIPlugin started main-reload for END.
[17:46:08] [main/DEBUG] [REI] ========================================
[17:46:08] [main/TRACE] [REI] [REIPlugin END] Reloading Section: "reloadable-plugin/EntryTypeRegistryImpl/"
[17:46:08] [main/TRACE] [REI] [REIPlugin END] Reloading Section: "reloadable-plugin/EntryTypeRegistryImpl/DefaultPlugin of DefaultPlugin [roughlyenoughitems]/"
[17:46:08] [main/TRACE] [REI] [REIPlugin END] Reloading Section: "reloadable-plugin/EntryTypeRegistryImpl/DefaultPlugin of DefaultPlugin [roughlyenoughitems]/" done in 43.66 μs
[17:46:08] [main/TRACE] [REI] [REIPlugin END] Reloading Section: "reloadable-plugin/EntryTypeRegistryImpl/FabricFluidAPISupportPlugin/"
[17:46:08] [main/TRACE] [REI] [REIPlugin END] Reloading Section: "reloadable-plugin/EntryTypeRegistryImpl/FabricFluidAPISupportPlugin/" done in 61.62 μs
[17:46:08] [main/TRACE] [REI] [REIPlugin END] Reloading Section: "reloadable-plugin/EntryTypeRegistryImpl/DefaultRuntimePlugin of DefaultRuntimePlugin [roughlyenoughitems]/"
[17:46:08] [main/TRACE] [REI] [REIPlugin END] Reloading Section: "reloadable-plugin/EntryTypeRegistryImpl/DefaultRuntimePlugin of DefaultRuntimePlugin [roughlyenoughitems]/" done in 67.71 μs
[17:46:08] [main/TRACE] [REI] [REIPlugin END] Reloading Section: "reloadable-plugin/EntryTypeRegistryImpl/ServerREIPlugin of ServerREIPlugin [farmersdelight]/"
[17:46:08] [main/TRACE] [REI] [REIPlugin END] Reloading Section: "reloadable-plugin/EntryTypeRegistryImpl/ServerREIPlugin of ServerREIPlugin [farmersdelight]/" done in 69.58 μs
[17:46:08] [main/TRACE] [REI] [REIPlugin END] Reloading Section: "reloadable-plugin/EntryTypeRegistryImpl/" done in 768.6 μs
[17:46:08] [main/TRACE] [REI] [REIPlugin END] Reloading Section: "reloadable-plugin/EntrySettingsAdapterRegistryImpl/"
[17:46:08] [main/TRACE] [REI] [REIPlugin END] Reloading Section: "reloadable-plugin/EntrySettingsAdapterRegistryImpl/DefaultPlugin of DefaultPlugin [roughlyenoughitems]/"
[17:46:08] [main/TRACE] [REI] [REIPlugin END] Reloading Section: "reloadable-plugin/EntrySettingsAdapterRegistryImpl/DefaultPlugin of DefaultPlugin [roughlyenoughitems]/" done in 76.54 μs
[17:46:08] [main/TRACE] [REI] [REIPlugin END] Reloading Section: "reloadable-plugin/EntrySettingsAdapterRegistryImpl/FabricFluidAPISupportPlugin/"
[17:46:08] [main/TRACE] [REI] [REIPlugin END] Reloading Section: "reloadable-plugin/EntrySettingsAdapterRegistryImpl/FabricFluidAPISupportPlugin/" done in 60.59 μs
[17:46:08] [main/TRACE] [REI] [REIPlugin END] Reloading Section: "reloadable-plugin/EntrySettingsAdapterRegistryImpl/DefaultRuntimePlugin of DefaultRuntimePlugin [roughlyenoughitems]/"
[17:46:08] [main/TRACE] [REI] [REIPlugin END] Reloading Section: "reloadable-plugin/EntrySettingsAdapterRegistryImpl/DefaultRuntimePlugin of DefaultRuntimePlugin [roughlyenoughitems]/" done in 43.44 μs
[17:46:08] [main/TRACE] [REI] [REIPlugin END] Reloading Section: "reloadable-plugin/EntrySettingsAdapterRegistryImpl/ServerREIPlugin of ServerREIPlugin [farmersdelight]/"
[17:46:08] [main/TRACE] [REI] [REIPlugin END] Reloading Section: "reloadable-plugin/EntrySettingsAdapterRegistryImpl/ServerREIPlugin of ServerREIPlugin [farmersdelight]/" done in 60.75 μs
[17:46:08] [main/TRACE] [REI] [REIPlugin END] Reloading Section: "reloadable-plugin/EntrySettingsAdapterRegistryImpl/" done in 772.2 μs
[17:46:08] [main/TRACE] [REI] [REIPlugin END] Reloading Section: "reloadable-plugin/RecipeManagerContextImpl/"
[17:46:08] [main/TRACE] [REI] [REIPlugin END] Reloading Section: "reloadable-plugin/RecipeManagerContextImpl/DefaultPlugin of DefaultPlugin [roughlyenoughitems]/"
[17:46:08] [main/TRACE] [REI] [REIPlugin END] Reloading Section: "reloadable-plugin/RecipeManagerContextImpl/DefaultPlugin of DefaultPlugin [roughlyenoughitems]/" done in 61.51 μs
[17:46:08] [main/TRACE] [REI] [REIPlugin END] Reloading Section: "reloadable-plugin/RecipeManagerContextImpl/FabricFluidAPISupportPlugin/"
[17:46:08] [main/TRACE] [REI] [REIPlugin END] Reloading Section: "reloadable-plugin/RecipeManagerContextImpl/FabricFluidAPISupportPlugin/" done in 55.60 μs
[17:46:08] [main/TRACE] [REI] [REIPlugin END] Reloading Section: "reloadable-plugin/RecipeManagerContextImpl/DefaultRuntimePlugin of DefaultRuntimePlugin [roughlyenoughitems]/"
[17:46:08] [main/TRACE] [REI] [REIPlugin END] Reloading Section: "reloadable-plugin/RecipeManagerContextImpl/DefaultRuntimePlugin of DefaultRuntimePlugin [roughlyenoughitems]/" done in 55.40 μs
[17:46:08] [main/TRACE] [REI] [REIPlugin END] Reloading Section: "reloadable-plugin/RecipeManagerContextImpl/ServerREIPlugin of ServerREIPlugin [farmersdelight]/"
[17:46:08] [main/TRACE] [REI] [REIPlugin END] Reloading Section: "reloadable-plugin/RecipeManagerContextImpl/ServerREIPlugin of ServerREIPlugin [farmersdelight]/" done in 61.72 μs
[17:46:08] [main/TRACE] [REI] [REIPlugin END] Reloading Section: "reloadable-plugin/RecipeManagerContextImpl/" done in 693.8 μs
[17:46:08] [main/TRACE] [REI] [REIPlugin END] Reloading Section: "reloadable-plugin/ItemComparatorRegistryImpl/"
[17:46:08] [main/TRACE] [REI] [REIPlugin END] Reloading Section: "reloadable-plugin/ItemComparatorRegistryImpl/DefaultPlugin of DefaultPlugin [roughlyenoughitems]/"
[17:46:08] [main/TRACE] [REI] [REIPlugin END] Reloading Section: "reloadable-plugin/ItemComparatorRegistryImpl/DefaultPlugin of DefaultPlugin [roughlyenoughitems]/" done in 62.76 μs
[17:46:08] [main/TRACE] [REI] [REIPlugin END] Reloading Section: "reloadable-plugin/ItemComparatorRegistryImpl/FabricFluidAPISupportPlugin/"
[17:46:08] [main/TRACE] [REI] [REIPlugin END] Reloading Section: "reloadable-plugin/ItemComparatorRegistryImpl/FabricFluidAPISupportPlugin/" done in 68.49 μs
[17:46:08] [main/TRACE] [REI] [REIPlugin END] Reloading Section: "reloadable-plugin/ItemComparatorRegistryImpl/DefaultRuntimePlugin of DefaultRuntimePlugin [roughlyenoughitems]/"
[17:46:08] [main/TRACE] [REI] [REIPlugin END] Reloading Section: "reloadable-plugin/ItemComparatorRegistryImpl/DefaultRuntimePlugin of DefaultRuntimePlugin [roughlyenoughitems]/" done in 61.72 μs
[17:46:08] [main/TRACE] [REI] [REIPlugin END] Reloading Section: "reloadable-plugin/ItemComparatorRegistryImpl/ServerREIPlugin of ServerREIPlugin [farmersdelight]/"
[17:46:08] [main/TRACE] [REI] [REIPlugin END] Reloading Section: "reloadable-plugin/ItemComparatorRegistryImpl/ServerREIPlugin of ServerREIPlugin [farmersdelight]/" done in 58.59 μs
[17:46:08] [main/TRACE] [REI] [REIPlugin END] Reloading Section: "reloadable-plugin/ItemComparatorRegistryImpl/" done in 955.8 μs
[17:46:08] [main/TRACE] [REI] [REIPlugin END] Reloading Section: "reloadable-plugin/FluidComparatorRegistryImpl/"
[17:46:08] [main/TRACE] [REI] [REIPlugin END] Reloading Section: "reloadable-plugin/FluidComparatorRegistryImpl/DefaultPlugin of DefaultPlugin [roughlyenoughitems]/"
[17:46:08] [main/TRACE] [REI] [REIPlugin END] Reloading Section: "reloadable-plugin/FluidComparatorRegistryImpl/DefaultPlugin of DefaultPlugin [roughlyenoughitems]/" done in 65.90 μs
[17:46:08] [main/TRACE] [REI] [REIPlugin END] Reloading Section: "reloadable-plugin/FluidComparatorRegistryImpl/FabricFluidAPISupportPlugin/"
[17:46:08] [main/TRACE] [REI] [REIPlugin END] Reloading Section: "reloadable-plugin/FluidComparatorRegistryImpl/FabricFluidAPISupportPlugin/" done in 62.85 μs
[17:46:08] [main/TRACE] [REI] [REIPlugin END] Reloading Section: "reloadable-plugin/FluidComparatorRegistryImpl/DefaultRuntimePlugin of DefaultRuntimePlugin [roughlyenoughitems]/"
[17:46:08] [main/TRACE] [REI] [REIPlugin END] Reloading Section: "reloadable-plugin/FluidComparatorRegistryImpl/DefaultRuntimePlugin of DefaultRuntimePlugin [roughlyenoughitems]/" done in 57.96 μs
[17:46:08] [main/TRACE] [REI] [REIPlugin END] Reloading Section: "reloadable-plugin/FluidComparatorRegistryImpl/ServerREIPlugin of ServerREIPlugin [farmersdelight]/"
[17:46:08] [main/TRACE] [REI] [REIPlugin END] Reloading Section: "reloadable-plugin/FluidComparatorRegistryImpl/ServerREIPlugin of ServerREIPlugin [farmersdelight]/" done in 107.8 μs
[17:46:08] [main/TRACE] [REI] [REIPlugin END] Reloading Section: "reloadable-plugin/FluidComparatorRegistryImpl/" done in 884.4 μs
[17:46:08] [main/TRACE] [REI] [REIPlugin END] Reloading Section: "reloadable-plugin/DisplaySerializerRegistryImpl/"
[17:46:08] [main/TRACE] [REI] [REIPlugin END] Reloading Section: "reloadable-plugin/DisplaySerializerRegistryImpl/DefaultPlugin of DefaultPlugin [roughlyenoughitems]/"
[17:46:08] [main/TRACE] [REI] [REIPlugin END] Reloading Section: "reloadable-plugin/DisplaySerializerRegistryImpl/DefaultPlugin of DefaultPlugin [roughlyenoughitems]/" done in 27.46 ms
[17:46:08] [main/TRACE] [REI] [REIPlugin END] Reloading Section: "reloadable-plugin/DisplaySerializerRegistryImpl/FabricFluidAPISupportPlugin/"
[17:46:08] [main/TRACE] [REI] [REIPlugin END] Reloading Section: "reloadable-plugin/DisplaySerializerRegistryImpl/FabricFluidAPISupportPlugin/" done in 62.01 μs
[17:46:08] [main/TRACE] [REI] [REIPlugin END] Reloading Section: "reloadable-plugin/DisplaySerializerRegistryImpl/DefaultRuntimePlugin of DefaultRuntimePlugin [roughlyenoughitems]/"
[17:46:08] [main/TRACE] [REI] [REIPlugin END] Reloading Section: "reloadable-plugin/DisplaySerializerRegistryImpl/DefaultRuntimePlugin of DefaultRuntimePlugin [roughlyenoughitems]/" done in 54.12 μs
[17:46:08] [main/TRACE] [REI] [REIPlugin END] Reloading Section: "reloadable-plugin/DisplaySerializerRegistryImpl/ServerREIPlugin of ServerREIPlugin [farmersdelight]/"
[17:46:08] [main/TRACE] [REI] [REIPlugin END] Reloading Section: "reloadable-plugin/DisplaySerializerRegistryImpl/ServerREIPlugin of ServerREIPlugin [farmersdelight]/" done in 2.866 ms
[17:46:08] [main/TRACE] [REI] [REIPlugin END] Reloading Section: "reloadable-plugin/DisplaySerializerRegistryImpl/" done in 31.11 ms
[17:46:08] [main/TRACE] [REI] [REIPlugin END] Reloading Section: "reloadable-plugin/FluidSupportProviderImpl/"
[17:46:08] [main/TRACE] [REI] [REIPlugin END] Reloading Section: "reloadable-plugin/FluidSupportProviderImpl/DefaultPlugin of DefaultPlugin [roughlyenoughitems]/"
[17:46:08] [main/TRACE] [REI] [REIPlugin END] Reloading Section: "reloadable-plugin/FluidSupportProviderImpl/DefaultPlugin of DefaultPlugin [roughlyenoughitems]/" done in 49.45 μs
[17:46:08] [main/TRACE] [REI] [REIPlugin END] Reloading Section: "reloadable-plugin/FluidSupportProviderImpl/FabricFluidAPISupportPlugin/"
[17:46:08] [main/TRACE] [REI] [REIPlugin END] Reloading Section: "reloadable-plugin/FluidSupportProviderImpl/FabricFluidAPISupportPlugin/" done in 28.21 μs
[17:46:08] [main/TRACE] [REI] [REIPlugin END] Reloading Section: "reloadable-plugin/FluidSupportProviderImpl/DefaultRuntimePlugin of DefaultRuntimePlugin [roughlyenoughitems]/"
[17:46:08] [main/TRACE] [REI] [REIPlugin END] Reloading Section: "reloadable-plugin/FluidSupportProviderImpl/DefaultRuntimePlugin of DefaultRuntimePlugin [roughlyenoughitems]/" done in 26.95 μs
[17:46:08] [main/TRACE] [REI] [REIPlugin END] Reloading Section: "reloadable-plugin/FluidSupportProviderImpl/ServerREIPlugin of ServerREIPlugin [farmersdelight]/"
[17:46:08] [main/TRACE] [REI] [REIPlugin END] Reloading Section: "reloadable-plugin/FluidSupportProviderImpl/ServerREIPlugin of ServerREIPlugin [farmersdelight]/" done in 41.25 μs
[17:46:08] [main/TRACE] [REI] [REIPlugin END] Reloading Section: "reloadable-plugin/FluidSupportProviderImpl/" done in 402.6 μs
[17:46:08] [main/DEBUG] [REI] ========================================
[17:46:08] [main/DEBUG] [REI] REIPlugin ending main-reload for END.
[17:46:08] [main/DEBUG] [REI] ========================================
[17:46:08] [main/TRACE] [REI] [REIPlugin END] Reloading Section: "end-reload/"
[17:46:08] [main/TRACE] [REI] [REIPlugin END] Reloading Section: "end-reload/EntryTypeRegistryImpl/"
[17:46:08] [main/TRACE] [REI] [REIPlugin END] Reloading Section: "end-reload/EntryTypeRegistryImpl/" done in 22.85 μs
[17:46:08] [main/TRACE] [REI] [REIPlugin END] Reloading Section: "end-reload/EntrySettingsAdapterRegistryImpl/"
[17:46:08] [main/TRACE] [REI] [REIPlugin END] Reloading Section: "end-reload/EntrySettingsAdapterRegistryImpl/" done in 20.79 μs
[17:46:08] [main/TRACE] [REI] [REIPlugin END] Reloading Section: "end-reload/RecipeManagerContextImpl/"
[17:46:08] [main/TRACE] [REI] [REIPlugin END] Reloading Section: "end-reload/RecipeManagerContextImpl/" done in 17.30 μs
[17:46:08] [main/TRACE] [REI] [REIPlugin END] Reloading Section: "end-reload/ItemComparatorRegistryImpl/"
[17:46:08] [main/TRACE] [REI] [REIPlugin END] Reloading Section: "end-reload/ItemComparatorRegistryImpl/" done in 20.94 μs
[17:46:08] [main/TRACE] [REI] [REIPlugin END] Reloading Section: "end-reload/FluidComparatorRegistryImpl/"
[17:46:08] [main/TRACE] [REI] [REIPlugin END] Reloading Section: "end-reload/FluidComparatorRegistryImpl/" done in 27.77 μs
[17:46:08] [main/TRACE] [REI] [REIPlugin END] Reloading Section: "end-reload/DisplaySerializerRegistryImpl/"
[17:46:08] [main/TRACE] [REI] [REIPlugin END] Reloading Section: "end-reload/DisplaySerializerRegistryImpl/" done in 28.79 μs
[17:46:08] [main/TRACE] [REI] [REIPlugin END] Reloading Section: "end-reload/FluidSupportProviderImpl/"
[17:46:08] [main/TRACE] [REI] [REIPlugin END] Reloading Section: "end-reload/FluidSupportProviderImpl/" done in 42.07 μs
[17:46:08] [main/TRACE] [REI] [REIPlugin END] Reloading Section: "end-reload/" done in 610.9 μs
[17:46:08] [main/DEBUG] [REI] ========================================
[17:46:08] [main/DEBUG] [REI] REIPlugin ended main-reload for END in 39.90 ms.
[17:46:08] [main/DEBUG] [REI] ========================================
[17:46:08] [main/INFO] [REI] ----------------------------------------
[17:46:08] [main/INFO] [REI] REIServerPlugin starting main-reload for END.
[17:46:08] [main/DEBUG] [REI] Reloadables (2):
[17:46:08] [main/DEBUG] [REI]  - MenuInfoRegistryImpl
[17:46:08] [main/DEBUG] [REI]  - SlotAccessorRegistryImpl
[17:46:08] [main/INFO] [REI] Plugins (4):
[17:46:08] [main/INFO] [REI]  - (-100.00) DefaultPlugin of DefaultPlugin [roughlyenoughitems]
[17:46:08] [main/INFO] [REI]  - (0.00) FabricFluidAPISupportPlugin
[17:46:08] [main/INFO] [REI]  - (0.00) DefaultRuntimePlugin of DefaultRuntimePlugin [roughlyenoughitems]
[17:46:08] [main/INFO] [REI]  - (0.00) ServerREIPlugin of ServerREIPlugin [farmersdelight]
[17:46:08] [main/INFO] [REI] ----------------------------------------
[17:46:08] [main/TRACE] [REI] [REIServerPlugin END] Reloading Section: "start-reload/"
[17:46:08] [main/TRACE] [REI] [REIServerPlugin END] Reloading Section: "start-reload/MenuInfoRegistryImpl/"
[17:46:08] [main/TRACE] [REI] [REIServerPlugin END] Reloading Section: "start-reload/MenuInfoRegistryImpl/" done in 51.60 μs
[17:46:08] [main/TRACE] [REI] [REIServerPlugin END] Reloading Section: "start-reload/SlotAccessorRegistryImpl/"
[17:46:08] [main/TRACE] [REI] [REIServerPlugin END] Reloading Section: "start-reload/SlotAccessorRegistryImpl/" done in 33.18 μs
[17:46:08] [main/TRACE] [REI] [REIServerPlugin END] Reloading Section: "start-reload/" done in 239.8 μs
[17:46:08] [main/DEBUG] [REI] ========================================
[17:46:08] [main/DEBUG] [REI] REIServerPlugin started main-reload for END.
[17:46:08] [main/DEBUG] [REI] ========================================
[17:46:08] [main/TRACE] [REI] [REIServerPlugin END] Reloading Section: "reloadable-plugin/MenuInfoRegistryImpl/"
[17:46:08] [main/TRACE] [REI] [REIServerPlugin END] Reloading Section: "reloadable-plugin/MenuInfoRegistryImpl/DefaultPlugin of DefaultPlugin [roughlyenoughitems]/"
[17:46:08] [main/TRACE] [REI] [REIServerPlugin END] Reloading Section: "reloadable-plugin/MenuInfoRegistryImpl/DefaultPlugin of DefaultPlugin [roughlyenoughitems]/" done in 41.88 μs
[17:46:08] [main/TRACE] [REI] [REIServerPlugin END] Reloading Section: "reloadable-plugin/MenuInfoRegistryImpl/FabricFluidAPISupportPlugin/"
[17:46:08] [main/TRACE] [REI] [REIServerPlugin END] Reloading Section: "reloadable-plugin/MenuInfoRegistryImpl/FabricFluidAPISupportPlugin/" done in 29.91 μs
[17:46:08] [main/TRACE] [REI] [REIServerPlugin END] Reloading Section: "reloadable-plugin/MenuInfoRegistryImpl/DefaultRuntimePlugin of DefaultRuntimePlugin [roughlyenoughitems]/"
[17:46:08] [main/TRACE] [REI] [REIServerPlugin END] Reloading Section: "reloadable-plugin/MenuInfoRegistryImpl/DefaultRuntimePlugin of DefaultRuntimePlugin [roughlyenoughitems]/" done in 48.98 μs
[17:46:08] [main/TRACE] [REI] [REIServerPlugin END] Reloading Section: "reloadable-plugin/MenuInfoRegistryImpl/ServerREIPlugin of ServerREIPlugin [farmersdelight]/"
[17:46:08] [main/TRACE] [REI] [REIServerPlugin END] Reloading Section: "reloadable-plugin/MenuInfoRegistryImpl/ServerREIPlugin of ServerREIPlugin [farmersdelight]/" done in 29.14 μs
[17:46:08] [main/TRACE] [REI] [REIServerPlugin END] Reloading Section: "reloadable-plugin/MenuInfoRegistryImpl/" done in 399.0 μs
[17:46:08] [main/TRACE] [REI] [REIServerPlugin END] Reloading Section: "reloadable-plugin/SlotAccessorRegistryImpl/"
[17:46:08] [main/TRACE] [REI] [REIServerPlugin END] Reloading Section: "reloadable-plugin/SlotAccessorRegistryImpl/DefaultPlugin of DefaultPlugin [roughlyenoughitems]/"
[17:46:08] [main/TRACE] [REI] [REIServerPlugin END] Reloading Section: "reloadable-plugin/SlotAccessorRegistryImpl/DefaultPlugin of DefaultPlugin [roughlyenoughitems]/" done in 36.27 μs
[17:46:08] [main/TRACE] [REI] [REIServerPlugin END] Reloading Section: "reloadable-plugin/SlotAccessorRegistryImpl/FabricFluidAPISupportPlugin/"
[17:46:08] [main/TRACE] [REI] [REIServerPlugin END] Reloading Section: "reloadable-plugin/SlotAccessorRegistryImpl/FabricFluidAPISupportPlugin/" done in 37.89 μs
[17:46:08] [main/TRACE] [REI] [REIServerPlugin END] Reloading Section: "reloadable-plugin/SlotAccessorRegistryImpl/DefaultRuntimePlugin of DefaultRuntimePlugin [roughlyenoughitems]/"
[17:46:08] [main/DEBUG] [REI] Added slot accessor serializer: me.shedaniel.rei.plugin.common.runtime.DefaultRuntimePlugin$1@4f22017b [roughlyenoughitems:vanilla]
[17:46:08] [main/DEBUG] [REI] Added slot accessor serializer: me.shedaniel.rei.plugin.common.runtime.DefaultRuntimePlugin$2@6720672a [roughlyenoughitems:player]
[17:46:08] [main/TRACE] [REI] [REIServerPlugin END] Reloading Section: "reloadable-plugin/SlotAccessorRegistryImpl/DefaultRuntimePlugin of DefaultRuntimePlugin [roughlyenoughitems]/" done in 2.213 ms
[17:46:08] [main/TRACE] [REI] [REIServerPlugin END] Reloading Section: "reloadable-plugin/SlotAccessorRegistryImpl/ServerREIPlugin of ServerREIPlugin [farmersdelight]/"
[17:46:08] [main/TRACE] [REI] [REIServerPlugin END] Reloading Section: "reloadable-plugin/SlotAccessorRegistryImpl/ServerREIPlugin of ServerREIPlugin [farmersdelight]/" done in 43.84 μs
[17:46:08] [main/TRACE] [REI] [REIServerPlugin END] Reloading Section: "reloadable-plugin/SlotAccessorRegistryImpl/" done in 2.624 ms
[17:46:08] [main/DEBUG] [REI] ========================================
[17:46:08] [main/DEBUG] [REI] REIServerPlugin ending main-reload for END.
[17:46:08] [main/DEBUG] [REI] ========================================
[17:46:08] [main/TRACE] [REI] [REIServerPlugin END] Reloading Section: "end-reload/"
[17:46:08] [main/TRACE] [REI] [REIServerPlugin END] Reloading Section: "end-reload/MenuInfoRegistryImpl/"
[17:46:08] [main/DEBUG] [REI] Registered 0 menu infos
[17:46:08] [main/TRACE] [REI] [REIServerPlugin END] Reloading Section: "end-reload/MenuInfoRegistryImpl/" done in 127.9 μs
[17:46:08] [main/TRACE] [REI] [REIServerPlugin END] Reloading Section: "end-reload/SlotAccessorRegistryImpl/"
[17:46:08] [main/DEBUG] [REI] Registered 2 slot accessor serializers
[17:46:08] [main/TRACE] [REI] [REIServerPlugin END] Reloading Section: "end-reload/SlotAccessorRegistryImpl/" done in 78.95 μs
[17:46:08] [main/TRACE] [REI] [REIServerPlugin END] Reloading Section: "end-reload/" done in 399.5 μs
[17:46:08] [main/DEBUG] [REI] ========================================
[17:46:08] [main/DEBUG] [REI] REIServerPlugin ended main-reload for END in 4.984 ms.
[17:46:08] [main/DEBUG] [REI] ========================================
[17:46:08] [main/DEBUG] [REI] ========================================
[17:46:08] [main/DEBUG] [REI] REIPlugin starting post-reload for END.
[17:46:08] [main/DEBUG] [REI] Reloadables (7):
[17:46:08] [main/DEBUG] [REI]  - EntryTypeRegistryImpl
[17:46:08] [main/DEBUG] [REI]  - EntrySettingsAdapterRegistryImpl
[17:46:08] [main/DEBUG] [REI]  - RecipeManagerContextImpl
[17:46:08] [main/DEBUG] [REI]  - ItemComparatorRegistryImpl
[17:46:08] [main/DEBUG] [REI]  - FluidComparatorRegistryImpl
[17:46:08] [main/DEBUG] [REI]  - DisplaySerializerRegistryImpl
[17:46:08] [main/DEBUG] [REI]  - FluidSupportProviderImpl
[17:46:08] [main/DEBUG] [REI] Plugins (4):
[17:46:08] [main/DEBUG] [REI]  - (-100.00) DefaultPlugin of DefaultPlugin [roughlyenoughitems]
[17:46:08] [main/DEBUG] [REI]  - (0.00) FabricFluidAPISupportPlugin
[17:46:08] [main/DEBUG] [REI]  - (0.00) DefaultRuntimePlugin of DefaultRuntimePlugin [roughlyenoughitems]
[17:46:08] [main/DEBUG] [REI]  - (0.00) ServerREIPlugin of ServerREIPlugin [farmersdelight]
[17:46:08] [main/DEBUG] [REI] ========================================
[17:46:08] [main/TRACE] [REI] [REIPlugin END] Reloading Section: "post-register/"
[17:46:08] [main/TRACE] [REI] [REIPlugin END] Reloading Section: "post-register/DefaultPlugin of DefaultPlugin [roughlyenoughitems]/"
[17:46:08] [main/TRACE] [REI] [REIPlugin END] Reloading Section: "post-register/DefaultPlugin of DefaultPlugin [roughlyenoughitems]/" done in 32.81 μs
[17:46:08] [main/TRACE] [REI] [REIPlugin END] Reloading Section: "post-register/FabricFluidAPISupportPlugin/"
[17:46:08] [main/TRACE] [REI] [REIPlugin END] Reloading Section: "post-register/FabricFluidAPISupportPlugin/" done in 30.69 μs
[17:46:08] [main/TRACE] [REI] [REIPlugin END] Reloading Section: "post-register/DefaultRuntimePlugin of DefaultRuntimePlugin [roughlyenoughitems]/"
[17:46:08] [main/TRACE] [REI] [REIPlugin END] Reloading Section: "post-register/DefaultRuntimePlugin of DefaultRuntimePlugin [roughlyenoughitems]/" done in 24.75 μs
[17:46:08] [main/TRACE] [REI] [REIPlugin END] Reloading Section: "post-register/ServerREIPlugin of ServerREIPlugin [farmersdelight]/"
[17:46:08] [main/TRACE] [REI] [REIPlugin END] Reloading Section: "post-register/ServerREIPlugin of ServerREIPlugin [farmersdelight]/" done in 22.67 μs
[17:46:08] [main/TRACE] [REI] [REIPlugin END] Reloading Section: "post-register/" done in 387.9 μs
[17:46:08] [main/TRACE] [REI] [REIPlugin END] Reloading Section: "post-stage/"
[17:46:08] [main/TRACE] [REI] [REIPlugin END] Reloading Section: "post-stage/EntryTypeRegistryImpl/"
[17:46:08] [main/TRACE] [REI] [REIPlugin END] Reloading Section: "post-stage/EntryTypeRegistryImpl/" done in 20.92 μs
[17:46:08] [main/TRACE] [REI] [REIPlugin END] Reloading Section: "post-stage/EntrySettingsAdapterRegistryImpl/"
[17:46:08] [main/TRACE] [REI] [REIPlugin END] Reloading Section: "post-stage/EntrySettingsAdapterRegistryImpl/" done in 20.42 μs
[17:46:08] [main/TRACE] [REI] [REIPlugin END] Reloading Section: "post-stage/RecipeManagerContextImpl/"
[17:46:08] [main/TRACE] [REI] [REIPlugin END] Reloading Section: "post-stage/RecipeManagerContextImpl/" done in 18.36 μs
[17:46:08] [main/TRACE] [REI] [REIPlugin END] Reloading Section: "post-stage/ItemComparatorRegistryImpl/"
[17:46:08] [main/TRACE] [REI] [REIPlugin END] Reloading Section: "post-stage/ItemComparatorRegistryImpl/" done in 17.41 μs
[17:46:08] [main/TRACE] [REI] [REIPlugin END] Reloading Section: "post-stage/FluidComparatorRegistryImpl/"
[17:46:08] [main/TRACE] [REI] [REIPlugin END] Reloading Section: "post-stage/FluidComparatorRegistryImpl/" done in 16.41 μs
[17:46:08] [main/TRACE] [REI] [REIPlugin END] Reloading Section: "post-stage/DisplaySerializerRegistryImpl/"
[17:46:08] [main/TRACE] [REI] [REIPlugin END] Reloading Section: "post-stage/DisplaySerializerRegistryImpl/" done in 17.62 μs
[17:46:08] [main/TRACE] [REI] [REIPlugin END] Reloading Section: "post-stage/FluidSupportProviderImpl/"
[17:46:08] [main/TRACE] [REI] [REIPlugin END] Reloading Section: "post-stage/FluidSupportProviderImpl/" done in 19.12 μs
[17:46:08] [main/TRACE] [REI] [REIPlugin END] Reloading Section: "post-stage/" done in 390.7 μs
[17:46:08] [main/DEBUG] [REI] ========================================
[17:46:08] [main/INFO] [REI] REIPlugin finished post-reload for END in 843.9 μs, totaling 44.65 ms.
[17:46:08] [main/DEBUG] [REI] ========================================
[17:46:08] [main/DEBUG] [REI] ========================================
[17:46:08] [main/DEBUG] [REI] REIServerPlugin starting post-reload for END.
[17:46:08] [main/DEBUG] [REI] Reloadables (2):
[17:46:08] [main/DEBUG] [REI]  - MenuInfoRegistryImpl
[17:46:08] [main/DEBUG] [REI]  - SlotAccessorRegistryImpl
[17:46:08] [main/DEBUG] [REI] Plugins (4):
[17:46:08] [main/DEBUG] [REI]  - (-100.00) DefaultPlugin of DefaultPlugin [roughlyenoughitems]
[17:46:08] [main/DEBUG] [REI]  - (0.00) FabricFluidAPISupportPlugin
[17:46:08] [main/DEBUG] [REI]  - (0.00) DefaultRuntimePlugin of DefaultRuntimePlugin [roughlyenoughitems]
[17:46:08] [main/DEBUG] [REI]  - (0.00) ServerREIPlugin of ServerREIPlugin [farmersdelight]
[17:46:08] [main/DEBUG] [REI] ========================================
[17:46:08] [main/TRACE] [REI] [REIServerPlugin END] Reloading Section: "post-register/"
[17:46:08] [main/TRACE] [REI] [REIServerPlugin END] Reloading Section: "post-register/DefaultPlugin of DefaultPlugin [roughlyenoughitems]/"
[17:46:08] [main/TRACE] [REI] [REIServerPlugin END] Reloading Section: "post-register/DefaultPlugin of DefaultPlugin [roughlyenoughitems]/" done in 33.96 μs
[17:46:08] [main/TRACE] [REI] [REIServerPlugin END] Reloading Section: "post-register/FabricFluidAPISupportPlugin/"
[17:46:08] [main/TRACE] [REI] [REIServerPlugin END] Reloading Section: "post-register/FabricFluidAPISupportPlugin/" done in 24.20 μs
[17:46:08] [main/TRACE] [REI] [REIServerPlugin END] Reloading Section: "post-register/DefaultRuntimePlugin of DefaultRuntimePlugin [roughlyenoughitems]/"
[17:46:08] [main/TRACE] [REI] [REIServerPlugin END] Reloading Section: "post-register/DefaultRuntimePlugin of DefaultRuntimePlugin [roughlyenoughitems]/" done in 33.41 μs
[17:46:08] [main/TRACE] [REI] [REIServerPlugin END] Reloading Section: "post-register/ServerREIPlugin of ServerREIPlugin [farmersdelight]/"
[17:46:08] [main/TRACE] [REI] [REIServerPlugin END] Reloading Section: "post-register/ServerREIPlugin of ServerREIPlugin [farmersdelight]/" done in 21.79 μs
[17:46:08] [main/TRACE] [REI] [REIServerPlugin END] Reloading Section: "post-register/" done in 338.3 μs
[17:46:08] [main/TRACE] [REI] [REIServerPlugin END] Reloading Section: "post-stage/"
[17:46:08] [main/TRACE] [REI] [REIServerPlugin END] Reloading Section: "post-stage/MenuInfoRegistryImpl/"
[17:46:08] [main/TRACE] [REI] [REIServerPlugin END] Reloading Section: "post-stage/MenuInfoRegistryImpl/" done in 20.89 μs
[17:46:08] [main/TRACE] [REI] [REIServerPlugin END] Reloading Section: "post-stage/SlotAccessorRegistryImpl/"
[17:46:08] [main/TRACE] [REI] [REIServerPlugin END] Reloading Section: "post-stage/SlotAccessorRegistryImpl/" done in 25.55 μs
[17:46:08] [main/TRACE] [REI] [REIServerPlugin END] Reloading Section: "post-stage/" done in 152.3 μs
[17:46:08] [main/DEBUG] [REI] ========================================
[17:46:08] [main/INFO] [REI] REIServerPlugin finished post-reload for END in 570.3 μs, totaling 6.099 ms.
[17:46:08] [main/DEBUG] [REI] ========================================
